DEBUG: _ZN10MqttPacket13handleConnectEv:Number(1)
DEBUG: _ZN10MqttPacket13handleConnectEv:Number(112)
DEBUG: _ZN10MqttPacket13handleConnectEv:Number(121)
DEBUG: _ZN10MqttPacket13handleConnectEv:Number(125)
DEBUG: _ZN10MqttPacket13handleConnectEv:Number(131)
DEBUG: _ZN10MqttPacket13handleConnectEv:Number(143)
DEBUG: _ZN10MqttPacket13handleConnectEv:Number(148)
DEBUG: _ZN10MqttPacket13handleConnectEv:Number(154)
DEBUG: _ZN10MqttPacket13handleConnectEv:Number(157)
DEBUG: _ZN10MqttPacket13handleConnectEv:Number(159)
DEBUG: _ZN10MqttPacket13handleConnectEv:Number(160)
DEBUG: _ZN10MqttPacket13handleConnectEv:Number(164)
DEBUG: _ZN10MqttPacket13handleConnectEv:Number(256)
DEBUG: _ZN10MqttPacket13handleConnectEv:Number(258)
DEBUG: _ZN10MqttPacket13handleConnectEv:Number(293)
DEBUG: _ZN10MqttPacket13handleConnectEv:Number(358)
DEBUG: _ZN10MqttPacket13handleConnectEv:Number(361)
DEBUG: _ZN10MqttPacket13handleConnectEv:Number(364)
DEBUG: _ZN10MqttPacket13handleConnectEv:Number(369)
DEBUG: _ZN10MqttPacket13handleConnectEv:Number(373)
DEBUG: _ZN10MqttPacket13handleConnectEv:Number(381)
DEBUG: _ZN10MqttPacket13handleConnectEv:Number(384)
DEBUG: _ZN10MqttPacket13handleConnectEv:Number(389)
DEBUG: _ZN10MqttPacket13handleConnectEv:Number(393)
DEBUG: _ZN10MqttPacket13handleConnectEv:Number(399)
DEBUG: _ZN10MqttPacket13handleConnectEv:Number(404)
DEBUG: _ZN10MqttPacket13handleConnectEv:Number(408)
DEBUG: _ZN10MqttPacket13handleConnectEv:Number(465)
DEBUG: _ZN10MqttPacket13handleConnectEv:Number(468)
DEBUG: _ZN10MqttPacket13handleConnectEv:Number(471)
DEBUG: _ZN10MqttPacket13handleConnectEv:Number(476)
DEBUG: _ZN10MqttPacket13handleConnectEv:Number(480)
DEBUG: _ZN10MqttPacket13handleConnectEv:Number(521)
DEBUG: _ZN10MqttPacket13handleConnectEv:Number(525)
DEBUG: _ZN10MqttPacket13handleConnectEv:Number(528)
DEBUG: _ZN10MqttPacket13handleConnectEv:Number(531)
DEBUG: _ZN10MqttPacket13handleConnectEv:Number(536)
DEBUG: _ZN10MqttPacket13handleConnectEv:Number(540)
DEBUG: _ZN10MqttPacket13handleConnectEv:Number(562)
DEBUG: _ZN10MqttPacket13handleConnectEv:Number(564)
DEBUG: _ZN10MqttPacket13handleConnectEv:Number(565)
DEBUG: _ZN10MqttPacket13handleConnectEv:Number(567)
DEBUG: _ZN10MqttPacket13handleConnectEv:Number(568)
DEBUG: _ZN10MqttPacket13handleConnectEv:Number(570)
DEBUG: _ZN10MqttPacket13handleConnectEv:Number(571)
DEBUG: _ZN10MqttPacket13handleConnectEv:Number(573)
DEBUG: _ZN10MqttPacket13handleConnectEv:Number(614)
DEBUG: _ZN10MqttPacket13handleConnectEv:Number(631)
DEBUG: _ZN10MqttPacket13handleConnectEv:Number(634)
DEBUG: _ZN10MqttPacket13handleConnectEv:Number(636)
DEBUG: _ZN10MqttPacket13handleConnectEv:Number(639)
DEBUG: _ZN10MqttPacket13handleConnectEv:Number(651)
DEBUG: _ZN10MqttPacket13handleConnectEv:Number(652)
Reverted to backtrack point; 7 more backtrack points available
DEBUG: _ZN10MqttPacket13handleConnectEv:Number(640)
DEBUG: _ZN10MqttPacket13handleConnectEv:Number(644)
DEBUG: _ZN10MqttPacket13handleConnectEv:Number(646)
DEBUG: _ZN10MqttPacket13handleConnectEv:Number(649)
DEBUG: _ZN10MqttPacket13handleConnectEv:Number(650)
DEBUG: _ZN10MqttPacket13handleConnectEv:Number(651)
DEBUG: _ZN10MqttPacket13handleConnectEv:Number(652)
Reverted to backtrack point; 8 more backtrack points available
DEBUG: _ZN10MqttPacket13handleConnectEv:Number(650)
DEBUG: _ZN10MqttPacket13handleConnectEv:Number(651)
DEBUG: _ZN10MqttPacket13handleConnectEv:Number(652)
DEBUG: _ZN10MqttPacket13handleConnectEv:Number(708)
DEBUG: _ZN10MqttPacket13handleConnectEv:Number(710)
DEBUG: _ZN10MqttPacket13handleConnectEv:Number(712)
DEBUG: _ZN10MqttPacket13handleConnectEv:Number(720)
DEBUG: _ZN10MqttPacket13handleConnectEv:Number(726)
DEBUG: _ZN10MqttPacket13handleConnectEv:Number(730)
DEBUG: _ZN10MqttPacket13handleConnectEv:Number(737)
DEBUG: _ZN10MqttPacket13handleConnectEv:Number(741)
DEBUG: _ZN10MqttPacket13handleConnectEv:Number(758)
DEBUG: _ZN10MqttPacket13handleConnectEv:Number(806)
DEBUG: _ZN10MqttPacket13handleConnectEv:Number(809)
DEBUG: _ZN10MqttPacket13handleConnectEv:Number(811)
DEBUG: _ZN10MqttPacket13handleConnectEv:Number(812)
DEBUG: _ZN10MqttPacket13handleConnectEv:Number(813)
DEBUG: _ZN10MqttPacket13handleConnectEv:Number(814)
DEBUG: _ZN10MqttPacket13handleConnectEv:Number(817)
DEBUG: _ZN10MqttPacket13handleConnectEv:Number(821)
DEBUG: _ZN10MqttPacket13handleConnectEv:Number(824)
DEBUG: _ZN10MqttPacket13handleConnectEv:Number(828)
DEBUG: _ZN10MqttPacket13handleConnectEv:Number(829)
DEBUG: _ZN10MqttPacket13handleConnectEv:Number(835)
DEBUG: _ZN10MqttPacket13handleConnectEv:Number(839)
DEBUG: _ZN10MqttPacket13handleConnectEv:Number(841)
DEBUG: _ZN10MqttPacket13handleConnectEv:Number(846)
DEBUG: _ZN10MqttPacket13handleConnectEv:Number(853)
DEBUG: _ZN10MqttPacket13handleConnectEv:Number(855)
DEBUG: _ZN17SubscriptionStore32registerClientAndKickExistingOneERSt10shared_ptrI6ClientE:Number(2)
DEBUG: _ZN17SubscriptionStore32registerClientAndKickExistingOneERSt10shared_ptrI6ClientE:Number(24)
DEBUG: _ZN17SubscriptionStore32registerClientAndKickExistingOneERSt10shared_ptrI6ClientE:Number(29)
DEBUG: _ZN17SubscriptionStore32registerClientAndKickExistingOneERSt10shared_ptrI6ClientE:Number(56)
DEBUG: _ZN17SubscriptionStore32registerClientAndKickExistingOneERSt10shared_ptrI6ClientE:Number(64)
DEBUG: _ZN17SubscriptionStore32registerClientAndKickExistingOneERSt10shared_ptrI6ClientE:Number(66)
DEBUG: _ZN17SubscriptionStore32registerClientAndKickExistingOneERSt10shared_ptrI6ClientE:Number(78)
DEBUG: _ZN17SubscriptionStore32registerClientAndKickExistingOneERSt10shared_ptrI6ClientE:Number(84)
DEBUG: _ZN17SubscriptionStore32registerClientAndKickExistingOneERSt10shared_ptrI6ClientE:Number(88)
DEBUG: _ZN17SubscriptionStore32registerClientAndKickExistingOneERSt10shared_ptrI6ClientE:Number(163)
DEBUG: _ZN17SubscriptionStore32registerClientAndKickExistingOneERSt10shared_ptrI6ClientE:Number(168)
DEBUG: _ZN17SubscriptionStore32registerClientAndKickExistingOneERSt10shared_ptrI6ClientE:Number(169)
DEBUG: _ZN17SubscriptionStore32registerClientAndKickExistingOneERSt10shared_ptrI6ClientE:Number(172)
DEBUG: _ZN17SubscriptionStore32registerClientAndKickExistingOneERSt10shared_ptrI6ClientE:Number(177)
DEBUG: _ZN17SubscriptionStore32registerClientAndKickExistingOneERSt10shared_ptrI6ClientE:Number(181)
DEBUG: _ZN17SubscriptionStore32registerClientAndKickExistingOneERSt10shared_ptrI6ClientE:Number(184)
DEBUG: _ZN17SubscriptionStore32registerClientAndKickExistingOneERSt10shared_ptrI6ClientE:Number(186)
DEBUG: _ZN17SubscriptionStore32registerClientAndKickExistingOneERSt10shared_ptrI6ClientE:Number(187)
DEBUG: _ZN17SubscriptionStore32registerClientAndKickExistingOneERSt10shared_ptrI6ClientE:Number(193)
DEBUG: _ZN17SubscriptionStore32registerClientAndKickExistingOneERSt10shared_ptrI6ClientE:Number(195)
DEBUG: _ZN17SubscriptionStore32registerClientAndKickExistingOneERSt10shared_ptrI6ClientE:Number(201)
DEBUG: _ZN17SubscriptionStore32registerClientAndKickExistingOneERSt10shared_ptrI6ClientE:Number(205)
DEBUG: _ZN17SubscriptionStore32registerClientAndKickExistingOneERSt10shared_ptrI6ClientE:Number(209)
DEBUG: _ZN7Session22sendPendingQosMessagesEv:Number(1)
DEBUG: _ZN7Session22sendPendingQosMessagesEv:Number(23)
DEBUG: _ZN7Session22sendPendingQosMessagesEv:Number(26)
DEBUG: _ZN7Session22sendPendingQosMessagesEv:Number(32)
DEBUG: _ZN7Session22sendPendingQosMessagesEv:Number(37)
DEBUG: _ZN7Session22sendPendingQosMessagesEv:Number(39)
DEBUG: _ZN7Session22sendPendingQosMessagesEv:Number(41)
DEBUG: _ZN7Session22sendPendingQosMessagesEv:Number(87)
DEBUG: _ZN7Session22sendPendingQosMessagesEv:Number(98)
DEBUG: _ZN7Session22sendPendingQosMessagesEv:Number(100)
DEBUG: _ZN7Session22sendPendingQosMessagesEv:Number(145)
DEBUG: _ZN7Session22sendPendingQosMessagesEv:Number(152)
DEBUG: _ZN17SubscriptionStore32registerClientAndKickExistingOneERSt10shared_ptrI6ClientE:Number(214)
DEBUG: _ZN17SubscriptionStore32registerClientAndKickExistingOneERSt10shared_ptrI6ClientE:Number(219)
DEBUG: _ZN17SubscriptionStore32registerClientAndKickExistingOneERSt10shared_ptrI6ClientE:Number(223)
DEBUG: _ZN10MqttPacket13handleConnectEv:Number(860)
DEBUG: _ZN10MqttPacket13handleConnectEv:Number(960)
DEBUG: _ZN10MqttPacket13handleConnectEv:Number(963)
DEBUG: _ZN10MqttPacket13handleConnectEv:Number(964)
DEBUG: _ZN10MqttPacket13handleConnectEv:Number(972)
DEBUG: _ZN10MqttPacket13handleConnectEv:Number(976)
DEBUG: _ZN10MqttPacket13handleConnectEv:Number(1021)
DEBUG: _ZN10MqttPacket13handleConnectEv:Number(1022)
DEBUG: _ZN10MqttPacket13handleConnectEv:Number(1027)
  /home/szx/Documents/SourceCode/FlashMQ-0.9.9/FlashMQ/mqttpacket.cpp, line 0, col 0
  /home/szx/Documents/SourceCode/FlashMQ-0.9.9/FlashMQ/mqttpacket.cpp, line 329, col 9
  /home/szx/Documents/SourceCode/FlashMQ-0.9.9/FlashMQ/mqttpacket.cpp, line 329, col 17
  /home/szx/Documents/SourceCode/FlashMQ-0.9.9/FlashMQ/mqttpacket.cpp, line 329, col 9
  /home/szx/Documents/SourceCode/FlashMQ-0.9.9/FlashMQ/mqttpacket.cpp, line 332, col 5
  /home/szx/Documents/SourceCode/FlashMQ-0.9.9/FlashMQ/mqttpacket.cpp, line 332, col 40
  /home/szx/Documents/SourceCode/FlashMQ-0.9.9/FlashMQ/mqttpacket.cpp, line 332, col 60
  /home/szx/Documents/SourceCode/FlashMQ-0.9.9/FlashMQ/mqttpacket.cpp, line 332, col 68
  /home/szx/Documents/SourceCode/FlashMQ-0.9.9/FlashMQ/mqttpacket.cpp, line 332, col 60
  /home/szx/Documents/SourceCode/FlashMQ-0.9.9/FlashMQ/mqttpacket.cpp, line 332, col 85
  /home/szx/Documents/SourceCode/FlashMQ-0.9.9/FlashMQ/mqttpacket.cpp, line 332, col 60
  /home/szx/Documents/SourceCode/FlashMQ-0.9.9/FlashMQ/mqttpacket.cpp, line 334, col 5
  /home/szx/Documents/SourceCode/FlashMQ-0.9.9/FlashMQ/mqttpacket.cpp, line 334, col 14
  /home/szx/Documents/SourceCode/FlashMQ-0.9.9/FlashMQ/mqttpacket.cpp, line 334, col 39
  /home/szx/Documents/SourceCode/FlashMQ-0.9.9/FlashMQ/mqttpacket.cpp, line 334, col 14
  /home/szx/Documents/SourceCode/FlashMQ-0.9.9/FlashMQ/mqttpacket.cpp, line 336, col 5
  /home/szx/Documents/SourceCode/FlashMQ-0.9.9/FlashMQ/mqttpacket.cpp, line 336, col 21
  /home/szx/Documents/SourceCode/FlashMQ-0.9.9/FlashMQ/mqttpacket.cpp, line 336, col 32
  /home/szx/Documents/SourceCode/FlashMQ-0.9.9/FlashMQ/mqttpacket.cpp, line 336, col 40
  /home/szx/Documents/SourceCode/FlashMQ-0.9.9/FlashMQ/mqttpacket.cpp, line 336, col 32
  /home/szx/Documents/SourceCode/FlashMQ-0.9.9/FlashMQ/mqttpacket.cpp, line 336, col 57
  /home/szx/Documents/SourceCode/FlashMQ-0.9.9/FlashMQ/mqttpacket.cpp, line 336, col 32
  /home/szx/Documents/SourceCode/FlashMQ-0.9.9/FlashMQ/mqttpacket.cpp, line 336, col 21
  /home/szx/Documents/SourceCode/FlashMQ-0.9.9/FlashMQ/mqttpacket.cpp, line 338, col 9
  /home/szx/Documents/SourceCode/FlashMQ-0.9.9/FlashMQ/mqttpacket.cpp, line 338, col 32
  /home/szx/Documents/SourceCode/FlashMQ-0.9.9/FlashMQ/mqttpacket.cpp, line 338, col 37
  /home/szx/Documents/SourceCode/FlashMQ-0.9.9/FlashMQ/mqttpacket.cpp, line 340, col 9
  /home/szx/Documents/SourceCode/FlashMQ-0.9.9/FlashMQ/mqttpacket.cpp, line 340, col 15
  /home/szx/Documents/SourceCode/FlashMQ-0.9.9/FlashMQ/mqttpacket.cpp, line 340, col 29
  /home/szx/Documents/SourceCode/FlashMQ-0.9.9/FlashMQ/mqttpacket.cpp, line 340, col 19
  /home/szx/Documents/SourceCode/FlashMQ-0.9.9/FlashMQ/mqttpacket.cpp, line 340, col 15
  /home/szx/Documents/SourceCode/FlashMQ-0.9.9/FlashMQ/mqttpacket.cpp, line 341, col 9
  /home/szx/Documents/SourceCode/FlashMQ-0.9.9/FlashMQ/mqttpacket.cpp, line 341, col 21
  /home/szx/Documents/SourceCode/FlashMQ-0.9.9/FlashMQ/mqttpacket.cpp, line 341, col 34
  /home/szx/Documents/SourceCode/FlashMQ-0.9.9/FlashMQ/mqttpacket.cpp, line 341, col 37
  /home/szx/Documents/SourceCode/FlashMQ-0.9.9/FlashMQ/mqttpacket.cpp, line 341, col 21
  /home/szx/Documents/SourceCode/FlashMQ-0.9.9/FlashMQ/mqttpacket.cpp, line 341, col 21
  /home/szx/Documents/SourceCode/FlashMQ-0.9.9/FlashMQ/mqttpacket.cpp, line 343, col 9
  /home/szx/Documents/SourceCode/FlashMQ-0.9.9/FlashMQ/mqttpacket.cpp, line 343, col 14
  /home/szx/Documents/SourceCode/FlashMQ-0.9.9/FlashMQ/mqttpacket.cpp, line 343, col 31
  /home/szx/Documents/SourceCode/FlashMQ-0.9.9/FlashMQ/mqttpacket.cpp, line 343, col 14
  /home/szx/Documents/SourceCode/FlashMQ-0.9.9/FlashMQ/mqttpacket.cpp, line 345, col 26
  /home/szx/Documents/SourceCode/FlashMQ-0.9.9/FlashMQ/mqttpacket.cpp, line 345, col 36
  /home/szx/Documents/SourceCode/FlashMQ-0.9.9/FlashMQ/mqttpacket.cpp, line 345, col 39
  /home/szx/Documents/SourceCode/FlashMQ-0.9.9/FlashMQ/mqttpacket.cpp, line 345, col 54
  /home/szx/Documents/SourceCode/FlashMQ-0.9.9/FlashMQ/mqttpacket.cpp, line 345, col 13
  /home/szx/Documents/SourceCode/FlashMQ-0.9.9/FlashMQ/mqttpacket.cpp, line 347, col 13
  /home/szx/Documents/SourceCode/FlashMQ-0.9.9/FlashMQ/mqttpacket.cpp, line 347, col 29
  /home/szx/Documents/SourceCode/FlashMQ-0.9.9/FlashMQ/mqttpacket.cpp, line 348, col 9
  /home/szx/Documents/SourceCode/FlashMQ-0.9.9/FlashMQ/mqttpacket.cpp, line 363, col 9
  /home/szx/Documents/SourceCode/FlashMQ-0.9.9/FlashMQ/mqttpacket.cpp, line 363, col 14
  /home/szx/Documents/SourceCode/FlashMQ-0.9.9/FlashMQ/mqttpacket.cpp, line 363, col 25
  /home/szx/Documents/SourceCode/FlashMQ-0.9.9/FlashMQ/mqttpacket.cpp, line 363, col 14
  /home/szx/Documents/SourceCode/FlashMQ-0.9.9/FlashMQ/mqttpacket.cpp, line 364, col 9
  /home/szx/Documents/SourceCode/FlashMQ-0.9.9/FlashMQ/mqttpacket.cpp, line 364, col 14
  /home/szx/Documents/SourceCode/FlashMQ-0.9.9/FlashMQ/mqttpacket.cpp, line 364, col 28
  /home/szx/Documents/SourceCode/FlashMQ-0.9.9/FlashMQ/mqttpacket.cpp, line 364, col 37
  /home/szx/Documents/SourceCode/FlashMQ-0.9.9/FlashMQ/mqttpacket.cpp, line 364, col 27
  /home/szx/Documents/SourceCode/FlashMQ-0.9.9/FlashMQ/mqttpacket.cpp, line 364, col 26
  /home/szx/Documents/SourceCode/FlashMQ-0.9.9/FlashMQ/mqttpacket.cpp, line 364, col 25
  /home/szx/Documents/SourceCode/FlashMQ-0.9.9/FlashMQ/mqttpacket.cpp, line 364, col 14
  /home/szx/Documents/SourceCode/FlashMQ-0.9.9/FlashMQ/mqttpacket.cpp, line 366, col 13
  /home/szx/Documents/SourceCode/FlashMQ-0.9.9/FlashMQ/mqttpacket.cpp, line 370, col 9
  /home/szx/Documents/SourceCode/FlashMQ-0.9.9/FlashMQ/mqttpacket.cpp, line 370, col 14
  /home/szx/Documents/SourceCode/FlashMQ-0.9.9/FlashMQ/mqttpacket.cpp, line 370, col 34
  /home/szx/Documents/SourceCode/FlashMQ-0.9.9/FlashMQ/mqttpacket.cpp, line 370, col 43
  /home/szx/Documents/SourceCode/FlashMQ-0.9.9/FlashMQ/mqttpacket.cpp, line 370, col 33
  /home/szx/Documents/SourceCode/FlashMQ-0.9.9/FlashMQ/mqttpacket.cpp, line 370, col 32
  /home/szx/Documents/SourceCode/FlashMQ-0.9.9/FlashMQ/mqttpacket.cpp, line 370, col 31
  /home/szx/Documents/SourceCode/FlashMQ-0.9.9/FlashMQ/mqttpacket.cpp, line 370, col 14
  /home/szx/Documents/SourceCode/FlashMQ-0.9.9/FlashMQ/mqttpacket.cpp, line 371, col 9
  /home/szx/Documents/SourceCode/FlashMQ-0.9.9/FlashMQ/mqttpacket.cpp, line 371, col 14
  /home/szx/Documents/SourceCode/FlashMQ-0.9.9/FlashMQ/mqttpacket.cpp, line 371, col 33
  /home/szx/Documents/SourceCode/FlashMQ-0.9.9/FlashMQ/mqttpacket.cpp, line 371, col 42
  /home/szx/Documents/SourceCode/FlashMQ-0.9.9/FlashMQ/mqttpacket.cpp, line 371, col 32
  /home/szx/Documents/SourceCode/FlashMQ-0.9.9/FlashMQ/mqttpacket.cpp, line 371, col 31
  /home/szx/Documents/SourceCode/FlashMQ-0.9.9/FlashMQ/mqttpacket.cpp, line 371, col 30
  /home/szx/Documents/SourceCode/FlashMQ-0.9.9/FlashMQ/mqttpacket.cpp, line 371, col 14
  /home/szx/Documents/SourceCode/FlashMQ-0.9.9/FlashMQ/mqttpacket.cpp, line 372, col 9
  /home/szx/Documents/SourceCode/FlashMQ-0.9.9/FlashMQ/mqttpacket.cpp, line 372, col 14
  /home/szx/Documents/SourceCode/FlashMQ-0.9.9/FlashMQ/mqttpacket.cpp, line 372, col 31
  /home/szx/Documents/SourceCode/FlashMQ-0.9.9/FlashMQ/mqttpacket.cpp, line 372, col 40
  /home/szx/Documents/SourceCode/FlashMQ-0.9.9/FlashMQ/mqttpacket.cpp, line 372, col 30
  /home/szx/Documents/SourceCode/FlashMQ-0.9.9/FlashMQ/mqttpacket.cpp, line 372, col 29
  /home/szx/Documents/SourceCode/FlashMQ-0.9.9/FlashMQ/mqttpacket.cpp, line 372, col 28
  /home/szx/Documents/SourceCode/FlashMQ-0.9.9/FlashMQ/mqttpacket.cpp, line 372, col 14
  /home/szx/Documents/SourceCode/FlashMQ-0.9.9/FlashMQ/mqttpacket.cpp, line 373, col 9
  /home/szx/Documents/SourceCode/FlashMQ-0.9.9/FlashMQ/mqttpacket.cpp, line 373, col 14
  /home/szx/Documents/SourceCode/FlashMQ-0.9.9/FlashMQ/mqttpacket.cpp, line 373, col 26
  /home/szx/Documents/SourceCode/FlashMQ-0.9.9/FlashMQ/mqttpacket.cpp, line 373, col 35
  /home/szx/Documents/SourceCode/FlashMQ-0.9.9/FlashMQ/mqttpacket.cpp, line 373, col 49
  /home/szx/Documents/SourceCode/FlashMQ-0.9.9/FlashMQ/mqttpacket.cpp, line 373, col 25
  /home/szx/Documents/SourceCode/FlashMQ-0.9.9/FlashMQ/mqttpacket.cpp, line 373, col 14
  /home/szx/Documents/SourceCode/FlashMQ-0.9.9/FlashMQ/mqttpacket.cpp, line 374, col 9
  /home/szx/Documents/SourceCode/FlashMQ-0.9.9/FlashMQ/mqttpacket.cpp, line 374, col 14
  /home/szx/Documents/SourceCode/FlashMQ-0.9.9/FlashMQ/mqttpacket.cpp, line 374, col 29
  /home/szx/Documents/SourceCode/FlashMQ-0.9.9/FlashMQ/mqttpacket.cpp, line 374, col 38
  /home/szx/Documents/SourceCode/FlashMQ-0.9.9/FlashMQ/mqttpacket.cpp, line 374, col 28
  /home/szx/Documents/SourceCode/FlashMQ-0.9.9/FlashMQ/mqttpacket.cpp, line 374, col 27
  /home/szx/Documents/SourceCode/FlashMQ-0.9.9/FlashMQ/mqttpacket.cpp, line 374, col 26
  /home/szx/Documents/SourceCode/FlashMQ-0.9.9/FlashMQ/mqttpacket.cpp, line 374, col 14
  /home/szx/Documents/SourceCode/FlashMQ-0.9.9/FlashMQ/mqttpacket.cpp, line 375, col 9
  /home/szx/Documents/SourceCode/FlashMQ-0.9.9/FlashMQ/mqttpacket.cpp, line 375, col 14
  /home/szx/Documents/SourceCode/FlashMQ-0.9.9/FlashMQ/mqttpacket.cpp, line 375, col 33
  /home/szx/Documents/SourceCode/FlashMQ-0.9.9/FlashMQ/mqttpacket.cpp, line 375, col 42
  /home/szx/Documents/SourceCode/FlashMQ-0.9.9/FlashMQ/mqttpacket.cpp, line 375, col 32
  /home/szx/Documents/SourceCode/FlashMQ-0.9.9/FlashMQ/mqttpacket.cpp, line 375, col 31
  /home/szx/Documents/SourceCode/FlashMQ-0.9.9/FlashMQ/mqttpacket.cpp, line 375, col 30
  /home/szx/Documents/SourceCode/FlashMQ-0.9.9/FlashMQ/mqttpacket.cpp, line 375, col 14
  /home/szx/Documents/SourceCode/FlashMQ-0.9.9/FlashMQ/mqttpacket.cpp, line 376, col 16
  /home/szx/Documents/SourceCode/FlashMQ-0.9.9/FlashMQ/mqttpacket.cpp, line 377, col 13
  /home/szx/Documents/SourceCode/FlashMQ-0.9.9/FlashMQ/mqttpacket.cpp, line 377, col 22
  /home/szx/Documents/SourceCode/FlashMQ-0.9.9/FlashMQ/mqttpacket.cpp, line 377, col 13
  /home/szx/Documents/SourceCode/FlashMQ-0.9.9/FlashMQ/mqttpacket.cpp, line 380, col 9
  /home/szx/Documents/SourceCode/FlashMQ-0.9.9/FlashMQ/mqttpacket.cpp, line 380, col 18
  /home/szx/Documents/SourceCode/FlashMQ-0.9.9/FlashMQ/mqttpacket.cpp, line 380, col 31
  /home/szx/Documents/SourceCode/FlashMQ-0.9.9/FlashMQ/mqttpacket.cpp, line 380, col 18
  /home/szx/Documents/SourceCode/FlashMQ-0.9.9/FlashMQ/mqttpacket.cpp, line 382, col 9
  /home/szx/Documents/SourceCode/FlashMQ-0.9.9/FlashMQ/mqttpacket.cpp, line 382, col 18
  /home/szx/Documents/SourceCode/FlashMQ-0.9.9/FlashMQ/mqttpacket.cpp, line 382, col 37
  /home/szx/Documents/SourceCode/FlashMQ-0.9.9/FlashMQ/mqttpacket.cpp, line 382, col 18
  /home/szx/Documents/SourceCode/FlashMQ-0.9.9/FlashMQ/mqttpacket.cpp, line 383, col 9
  /home/szx/Documents/SourceCode/FlashMQ-0.9.9/FlashMQ/mqttpacket.cpp, line 383, col 21
  /home/szx/Documents/SourceCode/FlashMQ-0.9.9/FlashMQ/mqttpacket.cpp, line 383, col 41
  /home/szx/Documents/SourceCode/FlashMQ-0.9.9/FlashMQ/mqttpacket.cpp, line 383, col 31
  /home/szx/Documents/SourceCode/FlashMQ-0.9.9/FlashMQ/mqttpacket.cpp, line 383, col 60
  /home/szx/Documents/SourceCode/FlashMQ-0.9.9/FlashMQ/mqttpacket.cpp, line 383, col 21
  /home/szx/Documents/SourceCode/FlashMQ-0.9.9/FlashMQ/mqttpacket.cpp, line 383, col 21
  /home/szx/Documents/SourceCode/FlashMQ-0.9.9/FlashMQ/mqttpacket.cpp, line 385, col 9
  /home/szx/Documents/SourceCode/FlashMQ-0.9.9/FlashMQ/mqttpacket.cpp, line 385, col 21
  /home/szx/Documents/SourceCode/FlashMQ-0.9.9/FlashMQ/mqttpacket.cpp, line 386, col 9
  /home/szx/Documents/SourceCode/FlashMQ-0.9.9/FlashMQ/mqttpacket.cpp, line 386, col 21
  /home/szx/Documents/SourceCode/FlashMQ-0.9.9/FlashMQ/mqttpacket.cpp, line 387, col 9
  /home/szx/Documents/SourceCode/FlashMQ-0.9.9/FlashMQ/mqttpacket.cpp, line 387, col 21
  /home/szx/Documents/SourceCode/FlashMQ-0.9.9/FlashMQ/mqttpacket.cpp, line 388, col 9
  /home/szx/Documents/SourceCode/FlashMQ-0.9.9/FlashMQ/mqttpacket.cpp, line 388, col 21
  /home/szx/Documents/SourceCode/FlashMQ-0.9.9/FlashMQ/mqttpacket.cpp, line 390, col 13
  /home/szx/Documents/SourceCode/FlashMQ-0.9.9/FlashMQ/mqttpacket.cpp, line 392, col 13
  /home/szx/Documents/SourceCode/FlashMQ-0.9.9/FlashMQ/mqttpacket.cpp, line 392, col 22
  /home/szx/Documents/SourceCode/FlashMQ-0.9.9/FlashMQ/mqttpacket.cpp, line 392, col 42
  /home/szx/Documents/SourceCode/FlashMQ-0.9.9/FlashMQ/mqttpacket.cpp, line 392, col 22
  /home/szx/Documents/SourceCode/FlashMQ-0.9.9/FlashMQ/mqttpacket.cpp, line 393, col 26
  /home/szx/Documents/SourceCode/FlashMQ-0.9.9/FlashMQ/mqttpacket.cpp, line 393, col 48
  /home/szx/Documents/SourceCode/FlashMQ-0.9.9/FlashMQ/mqttpacket.cpp, line 393, col 38
  /home/szx/Documents/SourceCode/FlashMQ-0.9.9/FlashMQ/mqttpacket.cpp, line 393, col 68
  /home/szx/Documents/SourceCode/FlashMQ-0.9.9/FlashMQ/mqttpacket.cpp, line 393, col 26
  /home/szx/Documents/SourceCode/FlashMQ-0.9.9/FlashMQ/mqttpacket.cpp, line 393, col 24
  /home/szx/Documents/SourceCode/FlashMQ-0.9.9/FlashMQ/mqttpacket.cpp, line 393, col 13
  /home/szx/Documents/SourceCode/FlashMQ-0.9.9/FlashMQ/mqttpacket.cpp, line 395, col 13
  /home/szx/Documents/SourceCode/FlashMQ-0.9.9/FlashMQ/mqttpacket.cpp, line 395, col 22
  /home/szx/Documents/SourceCode/FlashMQ-0.9.9/FlashMQ/mqttpacket.cpp, line 395, col 44
  /home/szx/Documents/SourceCode/FlashMQ-0.9.9/FlashMQ/mqttpacket.cpp, line 395, col 22
  /home/szx/Documents/SourceCode/FlashMQ-0.9.9/FlashMQ/mqttpacket.cpp, line 396, col 28
  /home/szx/Documents/SourceCode/FlashMQ-0.9.9/FlashMQ/mqttpacket.cpp, line 396, col 50
  /home/szx/Documents/SourceCode/FlashMQ-0.9.9/FlashMQ/mqttpacket.cpp, line 396, col 40
  /home/szx/Documents/SourceCode/FlashMQ-0.9.9/FlashMQ/mqttpacket.cpp, line 396, col 72
  /home/szx/Documents/SourceCode/FlashMQ-0.9.9/FlashMQ/mqttpacket.cpp, line 396, col 28
  /home/szx/Documents/SourceCode/FlashMQ-0.9.9/FlashMQ/mqttpacket.cpp, line 396, col 26
  /home/szx/Documents/SourceCode/FlashMQ-0.9.9/FlashMQ/mqttpacket.cpp, line 396, col 13
  /home/szx/Documents/SourceCode/FlashMQ-0.9.9/FlashMQ/mqttpacket.cpp, line 397, col 9
  /home/szx/Documents/SourceCode/FlashMQ-0.9.9/FlashMQ/mqttpacket.cpp, line 398, col 13
  /home/szx/Documents/SourceCode/FlashMQ-0.9.9/FlashMQ/mqttpacket.cpp, line 400, col 13
  /home/szx/Documents/SourceCode/FlashMQ-0.9.9/FlashMQ/mqttpacket.cpp, line 400, col 22
  /home/szx/Documents/SourceCode/FlashMQ-0.9.9/FlashMQ/mqttpacket.cpp, line 400, col 41
  /home/szx/Documents/SourceCode/FlashMQ-0.9.9/FlashMQ/mqttpacket.cpp, line 400, col 22
  /home/szx/Documents/SourceCode/FlashMQ-0.9.9/FlashMQ/mqttpacket.cpp, line 401, col 24
  /home/szx/Documents/SourceCode/FlashMQ-0.9.9/FlashMQ/mqttpacket.cpp, line 401, col 46
  /home/szx/Documents/SourceCode/FlashMQ-0.9.9/FlashMQ/mqttpacket.cpp, line 401, col 36
  /home/szx/Documents/SourceCode/FlashMQ-0.9.9/FlashMQ/mqttpacket.cpp, line 401, col 65
  /home/szx/Documents/SourceCode/FlashMQ-0.9.9/FlashMQ/mqttpacket.cpp, line 401, col 24
  /home/szx/Documents/SourceCode/FlashMQ-0.9.9/FlashMQ/mqttpacket.cpp, line 401, col 22
  /home/szx/Documents/SourceCode/FlashMQ-0.9.9/FlashMQ/mqttpacket.cpp, line 401, col 13
  /home/szx/Documents/SourceCode/FlashMQ-0.9.9/FlashMQ/mqttpacket.cpp, line 403, col 26
  /home/szx/Documents/SourceCode/FlashMQ-0.9.9/FlashMQ/mqttpacket.cpp, line 403, col 17
  /home/szx/Documents/SourceCode/FlashMQ-0.9.9/FlashMQ/mqttpacket.cpp, line 405, col 9
  /home/szx/Documents/SourceCode/FlashMQ-0.9.9/FlashMQ/mqttpacket.cpp, line 406, col 13
  /home/szx/Documents/SourceCode/FlashMQ-0.9.9/FlashMQ/mqttpacket.cpp, line 408, col 13
  /home/szx/Documents/SourceCode/FlashMQ-0.9.9/FlashMQ/mqttpacket.cpp, line 408, col 22
  /home/szx/Documents/SourceCode/FlashMQ-0.9.9/FlashMQ/mqttpacket.cpp, line 408, col 40
  /home/szx/Documents/SourceCode/FlashMQ-0.9.9/FlashMQ/mqttpacket.cpp, line 408, col 22
  /home/szx/Documents/SourceCode/FlashMQ-0.9.9/FlashMQ/mqttpacket.cpp, line 409, col 24
  /home/szx/Documents/SourceCode/FlashMQ-0.9.9/FlashMQ/mqttpacket.cpp, line 409, col 46
  /home/szx/Documents/SourceCode/FlashMQ-0.9.9/FlashMQ/mqttpacket.cpp, line 409, col 36
  /home/szx/Documents/SourceCode/FlashMQ-0.9.9/FlashMQ/mqttpacket.cpp, line 409, col 64
  /home/szx/Documents/SourceCode/FlashMQ-0.9.9/FlashMQ/mqttpacket.cpp, line 409, col 24
  /home/szx/Documents/SourceCode/FlashMQ-0.9.9/FlashMQ/mqttpacket.cpp, line 409, col 22
  /home/szx/Documents/SourceCode/FlashMQ-0.9.9/FlashMQ/mqttpacket.cpp, line 409, col 13
  /home/szx/Documents/SourceCode/FlashMQ-0.9.9/FlashMQ/mqttpacket.cpp, line 410, col 9
  /home/szx/Documents/SourceCode/FlashMQ-0.9.9/FlashMQ/mqttpacket.cpp, line 413, col 14
  /home/szx/Documents/SourceCode/FlashMQ-0.9.9/FlashMQ/mqttpacket.cpp, line 413, col 37
  /home/szx/Documents/SourceCode/FlashMQ-0.9.9/FlashMQ/mqttpacket.cpp, line 413, col 41
  /home/szx/Documents/SourceCode/FlashMQ-0.9.9/FlashMQ/mqttpacket.cpp, line 413, col 63
  /home/szx/Documents/SourceCode/FlashMQ-0.9.9/FlashMQ/mqttpacket.cpp, line 413, col 67
  /home/szx/Documents/SourceCode/FlashMQ-0.9.9/FlashMQ/mqttpacket.cpp, line 413, col 89
  /home/szx/Documents/SourceCode/FlashMQ-0.9.9/FlashMQ/mqttpacket.cpp, line 413, col 93
  /home/szx/Documents/SourceCode/FlashMQ-0.9.9/FlashMQ/mqttpacket.cpp, line 413, col 13
  /home/szx/Documents/SourceCode/FlashMQ-0.9.9/FlashMQ/mqttpacket.cpp, line 423, col 9
  /home/szx/Documents/SourceCode/FlashMQ-0.9.9/FlashMQ/mqttpacket.cpp, line 423, col 14
  /home/szx/Documents/SourceCode/FlashMQ-0.9.9/FlashMQ/mqttpacket.cpp, line 426, col 14
  /home/szx/Documents/SourceCode/FlashMQ-0.9.9/FlashMQ/mqttpacket.cpp, line 426, col 23
  /home/szx/Documents/SourceCode/FlashMQ-0.9.9/FlashMQ/mqttpacket.cpp, line 426, col 48
  /home/szx/Documents/SourceCode/FlashMQ-0.9.9/FlashMQ/mqttpacket.cpp, line 431, col 19
  /home/szx/Documents/SourceCode/FlashMQ-0.9.9/FlashMQ/mqttpacket.cpp, line 431, col 33
  /home/szx/Documents/SourceCode/FlashMQ-0.9.9/FlashMQ/mqttpacket.cpp, line 431, col 46
  /home/szx/Documents/SourceCode/FlashMQ-0.9.9/FlashMQ/mqttpacket.cpp, line 431, col 18
  /home/szx/Documents/SourceCode/FlashMQ-0.9.9/FlashMQ/mqttpacket.cpp, line 436, col 18
  /home/szx/Documents/SourceCode/FlashMQ-0.9.9/FlashMQ/mqttpacket.cpp, line 436, col 34
  /home/szx/Documents/SourceCode/FlashMQ-0.9.9/FlashMQ/mqttpacket.cpp, line 436, col 61
  /home/szx/Documents/SourceCode/FlashMQ-0.9.9/FlashMQ/mqttpacket.cpp, line 436, col 74
  /home/szx/Documents/SourceCode/FlashMQ-0.9.9/FlashMQ/mqttpacket.cpp, line 436, col 18
  /home/szx/Documents/SourceCode/FlashMQ-0.9.9/FlashMQ/mqttpacket.cpp, line 442, col 14
  /home/szx/Documents/SourceCode/FlashMQ-0.9.9/FlashMQ/mqttpacket.cpp, line 442, col 13
  /home/szx/Documents/SourceCode/FlashMQ-0.9.9/FlashMQ/mqttpacket.cpp, line 452, col 23
  /home/szx/Documents/SourceCode/FlashMQ-0.9.9/FlashMQ/mqttpacket.cpp, line 452, col 13
  /home/szx/Documents/SourceCode/FlashMQ-0.9.9/FlashMQ/mqttpacket.cpp, line 454, col 25
  /home/szx/Documents/SourceCode/FlashMQ-0.9.9/FlashMQ/mqttpacket.cpp, line 454, col 23
  /home/szx/Documents/SourceCode/FlashMQ-0.9.9/FlashMQ/mqttpacket.cpp, line 454, col 13
  /home/szx/Documents/SourceCode/FlashMQ-0.9.9/FlashMQ/mqttpacket.cpp, line 455, col 9
  /home/szx/Documents/SourceCode/FlashMQ-0.9.9/FlashMQ/mqttpacket.cpp, line 457, col 9
  /home/szx/Documents/SourceCode/FlashMQ-0.9.9/FlashMQ/mqttpacket.cpp, line 457, col 37
  /home/szx/Documents/SourceCode/FlashMQ-0.9.9/FlashMQ/mqttpacket.cpp, line 457, col 65
  /home/szx/Documents/SourceCode/FlashMQ-0.9.9/FlashMQ/mqttpacket.cpp, line 457, col 81
  /home/szx/Documents/SourceCode/FlashMQ-0.9.9/FlashMQ/mqttpacket.cpp, line 457, col 93
  /home/szx/Documents/SourceCode/FlashMQ-0.9.9/FlashMQ/mqttpacket.cpp, line 457, col 17
  /home/szx/Documents/SourceCode/FlashMQ-0.9.9/FlashMQ/mqttpacket.cpp, line 457, col 9
  /home/szx/Documents/SourceCode/FlashMQ-0.9.9/FlashMQ/mqttpacket.cpp, line 458, col 9
  /home/szx/Documents/SourceCode/FlashMQ-0.9.9/FlashMQ/mqttpacket.cpp, line 458, col 51
  /home/szx/Documents/SourceCode/FlashMQ-0.9.9/FlashMQ/mqttpacket.cpp, line 458, col 64
  /home/szx/Documents/SourceCode/FlashMQ-0.9.9/FlashMQ/mqttpacket.cpp, line 458, col 17
  /home/szx/Documents/SourceCode/FlashMQ-0.9.9/FlashMQ/mqttpacket.cpp, line 460, col 9
  /home/szx/Documents/SourceCode/FlashMQ-0.9.9/FlashMQ/mqttpacket.cpp, line 460, col 14
  /home/szx/Documents/SourceCode/FlashMQ-0.9.9/FlashMQ/mqttpacket.cpp, line 461, col 9
  /home/szx/Documents/SourceCode/FlashMQ-0.9.9/FlashMQ/mqttpacket.cpp, line 461, col 21
  /home/szx/Documents/SourceCode/FlashMQ-0.9.9/FlashMQ/mqttpacket.cpp, line 463, col 9
  /home/szx/Documents/SourceCode/FlashMQ-0.9.9/FlashMQ/mqttpacket.cpp, line 463, col 25
  /home/szx/Documents/SourceCode/FlashMQ-0.9.9/FlashMQ/mqttpacket.cpp, line 463, col 43
  /home/szx/Documents/SourceCode/FlashMQ-0.9.9/FlashMQ/mqttpacket.cpp, line 463, col 25
  /home/szx/Documents/SourceCode/FlashMQ-0.9.9/FlashMQ/mqttpacket.cpp, line 465, col 14
  /home/szx/Documents/SourceCode/FlashMQ-0.9.9/FlashMQ/mqttpacket.cpp, line 465, col 29
  /home/szx/Documents/SourceCode/FlashMQ-0.9.9/FlashMQ/mqttpacket.cpp, line 469, col 19
  /home/szx/Documents/SourceCode/FlashMQ-0.9.9/FlashMQ/mqttpacket.cpp, line 469, col 28
  /home/szx/Documents/SourceCode/FlashMQ-0.9.9/FlashMQ/mqttpacket.cpp, line 469, col 53
  /home/szx/Documents/SourceCode/FlashMQ-0.9.9/FlashMQ/mqttpacket.cpp, line 475, col 18
  /home/szx/Documents/SourceCode/FlashMQ-0.9.9/FlashMQ/mqttpacket.cpp, line 475, col 33
  /home/szx/Documents/SourceCode/FlashMQ-0.9.9/FlashMQ/mqttpacket.cpp, line 475, col 64
  /home/szx/Documents/SourceCode/FlashMQ-0.9.9/FlashMQ/mqttpacket.cpp, line 475, col 18
  /home/szx/Documents/SourceCode/FlashMQ-0.9.9/FlashMQ/mqttpacket.cpp, line 477, col 27
  /home/szx/Documents/SourceCode/FlashMQ-0.9.9/FlashMQ/mqttpacket.cpp, line 478, col 9
  /home/szx/Documents/SourceCode/FlashMQ-0.9.9/FlashMQ/mqttpacket.cpp, line 480, col 13
  /home/szx/Documents/SourceCode/FlashMQ-0.9.9/FlashMQ/mqttpacket.cpp, line 482, col 13
  /home/szx/Documents/SourceCode/FlashMQ-0.9.9/FlashMQ/mqttpacket.cpp, line 482, col 18
  /home/szx/Documents/SourceCode/FlashMQ-0.9.9/FlashMQ/mqttpacket.cpp, line 482, col 35
  /home/szx/Documents/SourceCode/FlashMQ-0.9.9/FlashMQ/mqttpacket.cpp, line 482, col 51
  /home/szx/Documents/SourceCode/FlashMQ-0.9.9/FlashMQ/mqttpacket.cpp, line 482, col 79
  /home/szx/Documents/SourceCode/FlashMQ-0.9.9/FlashMQ/mqttpacket.cpp, line 482, col 83
  /home/szx/Documents/SourceCode/FlashMQ-0.9.9/FlashMQ/mqttpacket.cpp, line 482, col 97
  /home/szx/Documents/SourceCode/FlashMQ-0.9.9/FlashMQ/mqttpacket.cpp, line 482, col 100
  /home/szx/Documents/SourceCode/FlashMQ-0.9.9/FlashMQ/mqttpacket.cpp, line 482, col 119
  /home/szx/Documents/SourceCode/FlashMQ-0.9.9/FlashMQ/mqttpacket.cpp, line 0, col 0
  /home/szx/Documents/SourceCode/FlashMQ-0.9.9/FlashMQ/mqttpacket.cpp, line 482, col 18
  /home/szx/Documents/SourceCode/FlashMQ-0.9.9/FlashMQ/mqttpacket.cpp, line 484, col 13
  /home/szx/Documents/SourceCode/FlashMQ-0.9.9/FlashMQ/mqttpacket.cpp, line 484, col 21
  /home/szx/Documents/SourceCode/FlashMQ-0.9.9/FlashMQ/mqttpacket.cpp, line 485, col 13
  /home/szx/Documents/SourceCode/FlashMQ-0.9.9/FlashMQ/mqttpacket.cpp, line 485, col 21
  /home/szx/Documents/SourceCode/FlashMQ-0.9.9/FlashMQ/mqttpacket.cpp, line 485, col 59
  /home/szx/Documents/SourceCode/FlashMQ-0.9.9/FlashMQ/mqttpacket.cpp, line 485, col 21
  /home/szx/Documents/SourceCode/FlashMQ-0.9.9/FlashMQ/mqttpacket.cpp, line 486, col 13
  /home/szx/Documents/SourceCode/FlashMQ-0.9.9/FlashMQ/mqttpacket.cpp, line 486, col 24
  /home/szx/Documents/SourceCode/FlashMQ-0.9.9/FlashMQ/mqttpacket.cpp, line 487, col 13
  /home/szx/Documents/SourceCode/FlashMQ-0.9.9/FlashMQ/mqttpacket.cpp, line 487, col 21
  /home/szx/Documents/SourceCode/FlashMQ-0.9.9/FlashMQ/mqttpacket.cpp, line 488, col 13
  /home/szx/Documents/SourceCode/FlashMQ-0.9.9/FlashMQ/mqttpacket.cpp, line 488, col 76
  /home/szx/Documents/SourceCode/FlashMQ-0.9.9/FlashMQ/mqttpacket.cpp, line 488, col 84
  /home/szx/Documents/SourceCode/FlashMQ-0.9.9/FlashMQ/mqttpacket.cpp, line 488, col 91
  /home/szx/Documents/SourceCode/FlashMQ-0.9.9/FlashMQ/mqttpacket.cpp, line 488, col 21
  /home/szx/Documents/SourceCode/FlashMQ-0.9.9/FlashMQ/mqttpacket.cpp, line 488, col 13
  /home/szx/Documents/SourceCode/FlashMQ-0.9.9/FlashMQ/mqttpacket.cpp, line 490, col 13
  /home/szx/Documents/SourceCode/FlashMQ-0.9.9/FlashMQ/mqttpacket.cpp, line 490, col 65
  /home/szx/Documents/SourceCode/FlashMQ-0.9.9/FlashMQ/mqttpacket.cpp, line 490, col 32
  /home/szx/Documents/SourceCode/FlashMQ-0.9.9/FlashMQ/subscriptionstore.cpp, line 0, col 0
  /home/szx/Documents/SourceCode/FlashMQ-0.9.9/FlashMQ/subscriptionstore.cpp, line 203, col 83
  /home/szx/Documents/SourceCode/FlashMQ-0.9.9/FlashMQ/subscriptionstore.cpp, line 205, col 5
  /home/szx/Documents/SourceCode/FlashMQ-0.9.9/FlashMQ/subscriptionstore.cpp, line 205, col 17
  /home/szx/Documents/SourceCode/FlashMQ-0.9.9/FlashMQ/subscriptionstore.cpp, line 205, col 29
  /home/szx/Documents/SourceCode/FlashMQ-0.9.9/FlashMQ/subscriptionstore.cpp, line 205, col 17
  /home/szx/Documents/SourceCode/FlashMQ-0.9.9/FlashMQ/subscriptionstore.cpp, line 206, col 16
  /home/szx/Documents/SourceCode/FlashMQ-0.9.9/FlashMQ/subscriptionstore.cpp, line 208, col 9
  /home/szx/Documents/SourceCode/FlashMQ-0.9.9/FlashMQ/subscriptionstore.cpp, line 208, col 17
  /home/szx/Documents/SourceCode/FlashMQ-0.9.9/FlashMQ/subscriptionstore.cpp, line 208, col 31
  /home/szx/Documents/SourceCode/FlashMQ-0.9.9/FlashMQ/subscriptionstore.cpp, line 208, col 9
  /home/szx/Documents/SourceCode/FlashMQ-0.9.9/FlashMQ/subscriptionstore.cpp, line 211, col 5
  /home/szx/Documents/SourceCode/FlashMQ-0.9.9/FlashMQ/subscriptionstore.cpp, line 211, col 10
  /home/szx/Documents/SourceCode/FlashMQ-0.9.9/FlashMQ/subscriptionstore.cpp, line 212, col 5
  /home/szx/Documents/SourceCode/FlashMQ-0.9.9/FlashMQ/subscriptionstore.cpp, line 212, col 30
  /home/szx/Documents/SourceCode/FlashMQ-0.9.9/FlashMQ/subscriptionstore.cpp, line 213, col 5
  /home/szx/Documents/SourceCode/FlashMQ-0.9.9/FlashMQ/subscriptionstore.cpp, line 213, col 10
  /home/szx/Documents/SourceCode/FlashMQ-0.9.9/FlashMQ/subscriptionstore.cpp, line 213, col 23
  /home/szx/Documents/SourceCode/FlashMQ-0.9.9/FlashMQ/subscriptionstore.cpp, line 213, col 41
  /home/szx/Documents/SourceCode/FlashMQ-0.9.9/FlashMQ/subscriptionstore.cpp, line 213, col 49
  /home/szx/Documents/SourceCode/FlashMQ-0.9.9/FlashMQ/subscriptionstore.cpp, line 213, col 36
  /home/szx/Documents/SourceCode/FlashMQ-0.9.9/FlashMQ/subscriptionstore.cpp, line 213, col 36
  /home/szx/Documents/SourceCode/FlashMQ-0.9.9/FlashMQ/subscriptionstore.cpp, line 214, col 9
  /home/szx/Documents/SourceCode/FlashMQ-0.9.9/FlashMQ/subscriptionstore.cpp, line 214, col 23
  /home/szx/Documents/SourceCode/FlashMQ-0.9.9/FlashMQ/subscriptionstore.cpp, line 214, col 36
  /home/szx/Documents/SourceCode/FlashMQ-0.9.9/FlashMQ/subscriptionstore.cpp, line 214, col 23
  /home/szx/Documents/SourceCode/FlashMQ-0.9.9/FlashMQ/subscriptionstore.cpp, line 214, col 20
  /home/szx/Documents/SourceCode/FlashMQ-0.9.9/FlashMQ/subscriptionstore.cpp, line 214, col 9
  /home/szx/Documents/SourceCode/FlashMQ-0.9.9/FlashMQ/subscriptionstore.cpp, line 216, col 19
  /home/szx/Documents/SourceCode/FlashMQ-0.9.9/FlashMQ/subscriptionstore.cpp, line 216, col 31
  /home/szx/Documents/SourceCode/FlashMQ-0.9.9/FlashMQ/subscriptionstore.cpp, line 216, col 17
  /home/szx/Documents/SourceCode/FlashMQ-0.9.9/FlashMQ/subscriptionstore.cpp, line 218, col 13
  /home/szx/Documents/SourceCode/FlashMQ-0.9.9/FlashMQ/subscriptionstore.cpp, line 220, col 13
  /home/szx/Documents/SourceCode/FlashMQ-0.9.9/FlashMQ/subscriptionstore.cpp, line 220, col 37
  /home/szx/Documents/SourceCode/FlashMQ-0.9.9/FlashMQ/subscriptionstore.cpp, line 220, col 42
  /home/szx/Documents/SourceCode/FlashMQ-0.9.9/FlashMQ/subscriptionstore.cpp, line 220, col 51
  /home/szx/Documents/SourceCode/FlashMQ-0.9.9/FlashMQ/subscriptionstore.cpp, line 222, col 17
  /home/szx/Documents/SourceCode/FlashMQ-0.9.9/FlashMQ/subscriptionstore.cpp, line 237, col 9
  /home/szx/Documents/SourceCode/FlashMQ-0.9.9/FlashMQ/subscriptionstore.cpp, line 238, col 5
  /home/szx/Documents/SourceCode/FlashMQ-0.9.9/FlashMQ/subscriptionstore.cpp, line 240, col 10
  /home/szx/Documents/SourceCode/FlashMQ-0.9.9/FlashMQ/subscriptionstore.cpp, line 240, col 18
  /home/szx/Documents/SourceCode/FlashMQ-0.9.9/FlashMQ/subscriptionstore.cpp, line 240, col 21
  /home/szx/Documents/SourceCode/FlashMQ-0.9.9/FlashMQ/subscriptionstore.cpp, line 240, col 29
  /home/szx/Documents/SourceCode/FlashMQ-0.9.9/FlashMQ/subscriptionstore.cpp, line 240, col 47
  /home/szx/Documents/SourceCode/FlashMQ-0.9.9/FlashMQ/subscriptionstore.cpp, line 242, col 9
  /home/szx/Documents/SourceCode/FlashMQ-0.9.9/FlashMQ/subscriptionstore.cpp, line 242, col 23
  /home/szx/Documents/SourceCode/FlashMQ-0.9.9/FlashMQ/subscriptionstore.cpp, line 242, col 23
  /home/szx/Documents/SourceCode/FlashMQ-0.9.9/FlashMQ/subscriptionstore.cpp, line 242, col 27
  /home/szx/Documents/SourceCode/FlashMQ-0.9.9/FlashMQ/subscriptionstore.cpp, line 242, col 17
  /home/szx/Documents/SourceCode/FlashMQ-0.9.9/FlashMQ/subscriptionstore.cpp, line 244, col 9
  /home/szx/Documents/SourceCode/FlashMQ-0.9.9/FlashMQ/subscriptionstore.cpp, line 244, col 22
  /home/szx/Documents/SourceCode/FlashMQ-0.9.9/FlashMQ/subscriptionstore.cpp, line 244, col 30
  /home/szx/Documents/SourceCode/FlashMQ-0.9.9/FlashMQ/subscriptionstore.cpp, line 244, col 9
  /home/szx/Documents/SourceCode/FlashMQ-0.9.9/FlashMQ/subscriptionstore.cpp, line 244, col 45
  /home/szx/Documents/SourceCode/FlashMQ-0.9.9/FlashMQ/subscriptionstore.cpp, line 245, col 5
  /home/szx/Documents/SourceCode/FlashMQ-0.9.9/FlashMQ/subscriptionstore.cpp, line 247, col 5
  /home/szx/Documents/SourceCode/FlashMQ-0.9.9/FlashMQ/subscriptionstore.cpp, line 247, col 37
  /home/szx/Documents/SourceCode/FlashMQ-0.9.9/FlashMQ/subscriptionstore.cpp, line 247, col 14
  /home/szx/Documents/SourceCode/FlashMQ-0.9.9/FlashMQ/subscriptionstore.cpp, line 248, col 5
  /home/szx/Documents/SourceCode/FlashMQ-0.9.9/FlashMQ/subscriptionstore.cpp, line 248, col 13
  /home/szx/Documents/SourceCode/FlashMQ-0.9.9/FlashMQ/subscriptionstore.cpp, line 249, col 5
  /home/szx/Documents/SourceCode/FlashMQ-0.9.9/FlashMQ/subscriptionstore.cpp, line 249, col 14
  /home/szx/Documents/SourceCode/FlashMQ-0.9.9/FlashMQ/subscriptionstore.cpp, line 249, col 22
  /home/szx/Documents/SourceCode/FlashMQ-0.9.9/FlashMQ/subscriptionstore.cpp, line 249, col 31
  /home/szx/Documents/SourceCode/FlashMQ-0.9.9/FlashMQ/session.cpp, line 0, col 0
  /home/szx/Documents/SourceCode/FlashMQ-0.9.9/FlashMQ/session.cpp, line 264, col 5
  /home/szx/Documents/SourceCode/FlashMQ-0.9.9/FlashMQ/session.cpp, line 264, col 14
  /home/szx/Documents/SourceCode/FlashMQ-0.9.9/FlashMQ/session.cpp, line 266, col 5
  /home/szx/Documents/SourceCode/FlashMQ-0.9.9/FlashMQ/session.cpp, line 266, col 29
  /home/szx/Documents/SourceCode/FlashMQ-0.9.9/FlashMQ/session.cpp, line 266, col 33
  /home/szx/Documents/SourceCode/FlashMQ-0.9.9/FlashMQ/session.cpp, line 267, col 9
  /home/szx/Documents/SourceCode/FlashMQ-0.9.9/FlashMQ/session.cpp, line 269, col 9
  /home/szx/Documents/SourceCode/FlashMQ-0.9.9/FlashMQ/session.cpp, line 269, col 37
  /home/szx/Documents/SourceCode/FlashMQ-0.9.9/FlashMQ/session.cpp, line 269, col 44
  /home/szx/Documents/SourceCode/FlashMQ-0.9.9/FlashMQ/session.cpp, line 269, col 37
  /home/szx/Documents/SourceCode/FlashMQ-0.9.9/FlashMQ/session.cpp, line 270, col 62
  /home/szx/Documents/SourceCode/FlashMQ-0.9.9/FlashMQ/session.cpp, line 0, col 0
  /home/szx/Documents/SourceCode/FlashMQ-0.9.9/FlashMQ/session.cpp, line 270, col 62
  /home/szx/Documents/SourceCode/FlashMQ-0.9.9/FlashMQ/session.cpp, line 270, col 60
  /home/szx/Documents/SourceCode/FlashMQ-0.9.9/FlashMQ/session.cpp, line 0, col 0
  /home/szx/Documents/SourceCode/FlashMQ-0.9.9/FlashMQ/session.cpp, line 270, col 60
  /home/szx/Documents/SourceCode/FlashMQ-0.9.9/FlashMQ/session.cpp, line 270, col 60
  /home/szx/Documents/SourceCode/FlashMQ-0.9.9/FlashMQ/session.cpp, line 0, col 0
  /home/szx/Documents/SourceCode/FlashMQ-0.9.9/FlashMQ/session.cpp, line 270, col 60
  /home/szx/Documents/SourceCode/FlashMQ-0.9.9/FlashMQ/session.cpp, line 270, col 60
  /home/szx/Documents/SourceCode/FlashMQ-0.9.9/FlashMQ/session.cpp, line 270, col 60
  /home/szx/Documents/SourceCode/FlashMQ-0.9.9/FlashMQ/session.cpp, line 270, col 60
  /home/szx/Documents/SourceCode/FlashMQ-0.9.9/FlashMQ/session.cpp, line 276, col 41
  /home/szx/Documents/SourceCode/FlashMQ-0.9.9/FlashMQ/session.cpp, line 0, col 0
  /home/szx/Documents/SourceCode/FlashMQ-0.9.9/FlashMQ/session.cpp, line 276, col 41
  /home/szx/Documents/SourceCode/FlashMQ-0.9.9/FlashMQ/session.cpp, line 276, col 39
  /home/szx/Documents/SourceCode/FlashMQ-0.9.9/FlashMQ/session.cpp, line 0, col 0
  /home/szx/Documents/SourceCode/FlashMQ-0.9.9/FlashMQ/session.cpp, line 276, col 39
  /home/szx/Documents/SourceCode/FlashMQ-0.9.9/FlashMQ/session.cpp, line 0, col 0
  /home/szx/Documents/SourceCode/FlashMQ-0.9.9/FlashMQ/session.cpp, line 276, col 39
  /home/szx/Documents/SourceCode/FlashMQ-0.9.9/FlashMQ/session.cpp, line 276, col 39
  /home/szx/Documents/SourceCode/FlashMQ-0.9.9/FlashMQ/session.cpp, line 276, col 39
  /home/szx/Documents/SourceCode/FlashMQ-0.9.9/FlashMQ/session.cpp, line 282, col 5
  /home/szx/Documents/SourceCode/FlashMQ-0.9.9/FlashMQ/session.cpp, line 284, col 12
  /home/szx/Documents/SourceCode/FlashMQ-0.9.9/FlashMQ/session.cpp, line 285, col 1
  /home/szx/Documents/SourceCode/FlashMQ-0.9.9/FlashMQ/subscriptionstore.cpp, line 249, col 14
  /home/szx/Documents/SourceCode/FlashMQ-0.9.9/FlashMQ/subscriptionstore.cpp, line 250, col 5
  /home/szx/Documents/SourceCode/FlashMQ-0.9.9/FlashMQ/subscriptionstore.cpp, line 250, col 13
  /home/szx/Documents/SourceCode/FlashMQ-0.9.9/FlashMQ/subscriptionstore.cpp, line 250, col 5
  /home/szx/Documents/SourceCode/FlashMQ-0.9.9/FlashMQ/subscriptionstore.cpp, line 250, col 56
  /home/szx/Documents/SourceCode/FlashMQ-0.9.9/FlashMQ/subscriptionstore.cpp, line 250, col 30
  /home/szx/Documents/SourceCode/FlashMQ-0.9.9/FlashMQ/subscriptionstore.cpp, line 250, col 5
  /home/szx/Documents/SourceCode/FlashMQ-0.9.9/FlashMQ/subscriptionstore.cpp, line 251, col 1
  /home/szx/Documents/SourceCode/FlashMQ-0.9.9/FlashMQ/mqttpacket.cpp, line 491, col 9
  /home/szx/Documents/SourceCode/FlashMQ-0.9.9/FlashMQ/mqttpacket.cpp, line 504, col 5
  /home/szx/Documents/SourceCode/FlashMQ-0.9.9/FlashMQ/mqttpacket.cpp, line 504, col 5
  /home/szx/Documents/SourceCode/FlashMQ-0.9.9/FlashMQ/mqttpacket.cpp, line 504, col 5
  /home/szx/Documents/SourceCode/FlashMQ-0.9.9/FlashMQ/mqttpacket.cpp, line 504, col 5
  /home/szx/Documents/SourceCode/FlashMQ-0.9.9/FlashMQ/mqttpacket.cpp, line 504, col 5
  /home/szx/Documents/SourceCode/FlashMQ-0.9.9/FlashMQ/mqttpacket.cpp, line 509, col 1
  /home/szx/Documents/SourceCode/FlashMQ-0.9.9/FlashMQ/mqttpacket.cpp, line 509, col 1
  /home/szx/Documents/SourceCode/FlashMQ-0.9.9/FlashMQ/mqttpacket.cpp, line 509, col 1

  {/home/szx/Documents/Experiments/FlashMQ/CFGPass//complete.bc: _ZN10MqttPacket13handleConnectEv, bb %1, starting at instr 0}
  {/home/szx/Documents/Experiments/FlashMQ/CFGPass//complete.bc: _ZN10MqttPacket13handleConnectEv, bb %112, starting at instr 0}
  {/home/szx/Documents/Experiments/FlashMQ/CFGPass//complete.bc: _ZN10MqttPacket13handleConnectEv, bb %121, starting at instr 0}
  {/home/szx/Documents/Experiments/FlashMQ/CFGPass//complete.bc: _ZN10MqttPacket13handleConnectEv, bb %125, starting at instr 0}
  {/home/szx/Documents/Experiments/FlashMQ/CFGPass//complete.bc: _ZN10MqttPacket13handleConnectEv, bb %131, starting at instr 0}
  {/home/szx/Documents/Experiments/FlashMQ/CFGPass//complete.bc: _ZN10MqttPacket13handleConnectEv, bb %143, starting at instr 0}
  {/home/szx/Documents/Experiments/FlashMQ/CFGPass//complete.bc: _ZN10MqttPacket13handleConnectEv, bb %148, starting at instr 0}
  {/home/szx/Documents/Experiments/FlashMQ/CFGPass//complete.bc: _ZN10MqttPacket13handleConnectEv, bb %154, starting at instr 0}
  {/home/szx/Documents/Experiments/FlashMQ/CFGPass//complete.bc: _ZN10MqttPacket13handleConnectEv, bb %157, starting at instr 0}
  {/home/szx/Documents/Experiments/FlashMQ/CFGPass//complete.bc: _ZN10MqttPacket13handleConnectEv, bb %159, starting at terminator}
  {/home/szx/Documents/Experiments/FlashMQ/CFGPass//complete.bc: _ZN10MqttPacket13handleConnectEv, bb %160, starting at instr 0}
  {/home/szx/Documents/Experiments/FlashMQ/CFGPass//complete.bc: _ZN10MqttPacket13handleConnectEv, bb %164, starting at instr 0}
  {/home/szx/Documents/Experiments/FlashMQ/CFGPass//complete.bc: _ZN10MqttPacket13handleConnectEv, bb %256, starting at instr 0}
  {/home/szx/Documents/Experiments/FlashMQ/CFGPass//complete.bc: _ZN10MqttPacket13handleConnectEv, bb %258, starting at instr 0}
  {/home/szx/Documents/Experiments/FlashMQ/CFGPass//complete.bc: _ZN10MqttPacket13handleConnectEv, bb %293, starting at instr 0}
  {/home/szx/Documents/Experiments/FlashMQ/CFGPass//complete.bc: _ZN10MqttPacket13handleConnectEv, bb %358, starting at instr 0}
  {/home/szx/Documents/Experiments/FlashMQ/CFGPass//complete.bc: _ZN10MqttPacket13handleConnectEv, bb %361, starting at instr 0}
  {/home/szx/Documents/Experiments/FlashMQ/CFGPass//complete.bc: _ZN10MqttPacket13handleConnectEv, bb %364, starting at instr 0}
  {/home/szx/Documents/Experiments/FlashMQ/CFGPass//complete.bc: _ZN10MqttPacket13handleConnectEv, bb %369, starting at instr 0}
  {/home/szx/Documents/Experiments/FlashMQ/CFGPass//complete.bc: _ZN10MqttPacket13handleConnectEv, bb %373, starting at instr 0}
  {/home/szx/Documents/Experiments/FlashMQ/CFGPass//complete.bc: _ZN10MqttPacket13handleConnectEv, bb %381, starting at instr 0}
  {/home/szx/Documents/Experiments/FlashMQ/CFGPass//complete.bc: _ZN10MqttPacket13handleConnectEv, bb %384, starting at instr 0}
  {/home/szx/Documents/Experiments/FlashMQ/CFGPass//complete.bc: _ZN10MqttPacket13handleConnectEv, bb %389, starting at instr 0}
  {/home/szx/Documents/Experiments/FlashMQ/CFGPass//complete.bc: _ZN10MqttPacket13handleConnectEv, bb %393, starting at instr 0}
  {/home/szx/Documents/Experiments/FlashMQ/CFGPass//complete.bc: _ZN10MqttPacket13handleConnectEv, bb %399, starting at instr 0}
  {/home/szx/Documents/Experiments/FlashMQ/CFGPass//complete.bc: _ZN10MqttPacket13handleConnectEv, bb %404, starting at instr 0}
  {/home/szx/Documents/Experiments/FlashMQ/CFGPass//complete.bc: _ZN10MqttPacket13handleConnectEv, bb %408, starting at instr 0}
  {/home/szx/Documents/Experiments/FlashMQ/CFGPass//complete.bc: _ZN10MqttPacket13handleConnectEv, bb %465, starting at instr 0}
  {/home/szx/Documents/Experiments/FlashMQ/CFGPass//complete.bc: _ZN10MqttPacket13handleConnectEv, bb %468, starting at instr 0}
  {/home/szx/Documents/Experiments/FlashMQ/CFGPass//complete.bc: _ZN10MqttPacket13handleConnectEv, bb %471, starting at instr 0}
  {/home/szx/Documents/Experiments/FlashMQ/CFGPass//complete.bc: _ZN10MqttPacket13handleConnectEv, bb %476, starting at instr 0}
  {/home/szx/Documents/Experiments/FlashMQ/CFGPass//complete.bc: _ZN10MqttPacket13handleConnectEv, bb %480, starting at instr 0}
  {/home/szx/Documents/Experiments/FlashMQ/CFGPass//complete.bc: _ZN10MqttPacket13handleConnectEv, bb %521, starting at instr 0}
  {/home/szx/Documents/Experiments/FlashMQ/CFGPass//complete.bc: _ZN10MqttPacket13handleConnectEv, bb %525, starting at instr 0}
  {/home/szx/Documents/Experiments/FlashMQ/CFGPass//complete.bc: _ZN10MqttPacket13handleConnectEv, bb %528, starting at instr 0}
  {/home/szx/Documents/Experiments/FlashMQ/CFGPass//complete.bc: _ZN10MqttPacket13handleConnectEv, bb %531, starting at instr 0}
  {/home/szx/Documents/Experiments/FlashMQ/CFGPass//complete.bc: _ZN10MqttPacket13handleConnectEv, bb %536, starting at instr 0}
  {/home/szx/Documents/Experiments/FlashMQ/CFGPass//complete.bc: _ZN10MqttPacket13handleConnectEv, bb %540, starting at instr 0}
  {/home/szx/Documents/Experiments/FlashMQ/CFGPass//complete.bc: _ZN10MqttPacket13handleConnectEv, bb %562, starting at terminator}
  {/home/szx/Documents/Experiments/FlashMQ/CFGPass//complete.bc: _ZN10MqttPacket13handleConnectEv, bb %564, starting at terminator}
  {/home/szx/Documents/Experiments/FlashMQ/CFGPass//complete.bc: _ZN10MqttPacket13handleConnectEv, bb %565, starting at terminator}
  {/home/szx/Documents/Experiments/FlashMQ/CFGPass//complete.bc: _ZN10MqttPacket13handleConnectEv, bb %567, starting at terminator}
  {/home/szx/Documents/Experiments/FlashMQ/CFGPass//complete.bc: _ZN10MqttPacket13handleConnectEv, bb %568, starting at terminator}
  {/home/szx/Documents/Experiments/FlashMQ/CFGPass//complete.bc: _ZN10MqttPacket13handleConnectEv, bb %570, starting at terminator}
  {/home/szx/Documents/Experiments/FlashMQ/CFGPass//complete.bc: _ZN10MqttPacket13handleConnectEv, bb %571, starting at terminator}
  {/home/szx/Documents/Experiments/FlashMQ/CFGPass//complete.bc: _ZN10MqttPacket13handleConnectEv, bb %573, starting at terminator}
  {/home/szx/Documents/Experiments/FlashMQ/CFGPass//complete.bc: _ZN10MqttPacket13handleConnectEv, bb %614, starting at instr 0}
  {/home/szx/Documents/Experiments/FlashMQ/CFGPass//complete.bc: _ZN10MqttPacket13handleConnectEv, bb %631, starting at instr 0}
  {/home/szx/Documents/Experiments/FlashMQ/CFGPass//complete.bc: _ZN10MqttPacket13handleConnectEv, bb %634, starting at instr 0}
  {/home/szx/Documents/Experiments/FlashMQ/CFGPass//complete.bc: _ZN10MqttPacket13handleConnectEv, bb %640, starting at instr 0}
  {/home/szx/Documents/Experiments/FlashMQ/CFGPass//complete.bc: _ZN10MqttPacket13handleConnectEv, bb %644, starting at instr 0}
  {/home/szx/Documents/Experiments/FlashMQ/CFGPass//complete.bc: _ZN10MqttPacket13handleConnectEv, bb %650, starting at terminator}
  {/home/szx/Documents/Experiments/FlashMQ/CFGPass//complete.bc: _ZN10MqttPacket13handleConnectEv, bb %651, starting at terminator}
  {/home/szx/Documents/Experiments/FlashMQ/CFGPass//complete.bc: _ZN10MqttPacket13handleConnectEv, bb %652, starting at instr 0}
  {/home/szx/Documents/Experiments/FlashMQ/CFGPass//complete.bc: _ZN10MqttPacket13handleConnectEv, bb %708, starting at instr 0}
  {/home/szx/Documents/Experiments/FlashMQ/CFGPass//complete.bc: _ZN10MqttPacket13handleConnectEv, bb %710, starting at instr 0}
  {/home/szx/Documents/Experiments/FlashMQ/CFGPass//complete.bc: _ZN10MqttPacket13handleConnectEv, bb %712, starting at instr 0}
  {/home/szx/Documents/Experiments/FlashMQ/CFGPass//complete.bc: _ZN10MqttPacket13handleConnectEv, bb %720, starting at instr 0}
  {/home/szx/Documents/Experiments/FlashMQ/CFGPass//complete.bc: _ZN10MqttPacket13handleConnectEv, bb %726, starting at instr 0}
  {/home/szx/Documents/Experiments/FlashMQ/CFGPass//complete.bc: _ZN10MqttPacket13handleConnectEv, bb %730, starting at instr 0}
  {/home/szx/Documents/Experiments/FlashMQ/CFGPass//complete.bc: _ZN10MqttPacket13handleConnectEv, bb %737, starting at instr 0}
  {/home/szx/Documents/Experiments/FlashMQ/CFGPass//complete.bc: _ZN10MqttPacket13handleConnectEv, bb %741, starting at instr 0}
  {/home/szx/Documents/Experiments/FlashMQ/CFGPass//complete.bc: _ZN10MqttPacket13handleConnectEv, bb %758, starting at instr 0}
  {/home/szx/Documents/Experiments/FlashMQ/CFGPass//complete.bc: _ZN10MqttPacket13handleConnectEv, bb %806, starting at instr 0}
  {/home/szx/Documents/Experiments/FlashMQ/CFGPass//complete.bc: _ZN10MqttPacket13handleConnectEv, bb %809, starting at instr 0}
  {/home/szx/Documents/Experiments/FlashMQ/CFGPass//complete.bc: _ZN10MqttPacket13handleConnectEv, bb %811, starting at instr 0}
  {/home/szx/Documents/Experiments/FlashMQ/CFGPass//complete.bc: _ZN10MqttPacket13handleConnectEv, bb %812, starting at terminator}
  {/home/szx/Documents/Experiments/FlashMQ/CFGPass//complete.bc: _ZN10MqttPacket13handleConnectEv, bb %813, starting at terminator}
  {/home/szx/Documents/Experiments/FlashMQ/CFGPass//complete.bc: _ZN10MqttPacket13handleConnectEv, bb %814, starting at instr 0}
  {/home/szx/Documents/Experiments/FlashMQ/CFGPass//complete.bc: _ZN10MqttPacket13handleConnectEv, bb %817, starting at instr 0}
  {/home/szx/Documents/Experiments/FlashMQ/CFGPass//complete.bc: _ZN10MqttPacket13handleConnectEv, bb %821, starting at instr 0}
  {/home/szx/Documents/Experiments/FlashMQ/CFGPass//complete.bc: _ZN10MqttPacket13handleConnectEv, bb %824, starting at instr 0}
  {/home/szx/Documents/Experiments/FlashMQ/CFGPass//complete.bc: _ZN10MqttPacket13handleConnectEv, bb %828, starting at terminator}
  {/home/szx/Documents/Experiments/FlashMQ/CFGPass//complete.bc: _ZN10MqttPacket13handleConnectEv, bb %829, starting at instr 0}
  {/home/szx/Documents/Experiments/FlashMQ/CFGPass//complete.bc: _ZN10MqttPacket13handleConnectEv, bb %835, starting at instr 0}
  {/home/szx/Documents/Experiments/FlashMQ/CFGPass//complete.bc: _ZN10MqttPacket13handleConnectEv, bb %839, starting at instr 0}
  {/home/szx/Documents/Experiments/FlashMQ/CFGPass//complete.bc: _ZN10MqttPacket13handleConnectEv, bb %841, starting at instr 0}
  {/home/szx/Documents/Experiments/FlashMQ/CFGPass//complete.bc: _ZN10MqttPacket13handleConnectEv, bb %846, starting at instr 0}
  {/home/szx/Documents/Experiments/FlashMQ/CFGPass//complete.bc: _ZN10MqttPacket13handleConnectEv, bb %853, starting at instr 0}
  {/home/szx/Documents/Experiments/FlashMQ/CFGPass//complete.bc: _ZN10MqttPacket13handleConnectEv, bb %855, starting at instr 0}
  {/home/szx/Documents/Experiments/FlashMQ/CFGPass//complete.bc: _ZN17SubscriptionStore32registerClientAndKickExistingOneERSt10shared_ptrI6ClientE, bb %2, starting at instr 0}
  {/home/szx/Documents/Experiments/FlashMQ/CFGPass//complete.bc: _ZN17SubscriptionStore32registerClientAndKickExistingOneERSt10shared_ptrI6ClientE, bb %24, starting at instr 0}
  {/home/szx/Documents/Experiments/FlashMQ/CFGPass//complete.bc: _ZN17SubscriptionStore32registerClientAndKickExistingOneERSt10shared_ptrI6ClientE, bb %29, starting at instr 0}
  {/home/szx/Documents/Experiments/FlashMQ/CFGPass//complete.bc: _ZN17SubscriptionStore32registerClientAndKickExistingOneERSt10shared_ptrI6ClientE, bb %56, starting at instr 0}
  {/home/szx/Documents/Experiments/FlashMQ/CFGPass//complete.bc: _ZN17SubscriptionStore32registerClientAndKickExistingOneERSt10shared_ptrI6ClientE, bb %64, starting at terminator}
  {/home/szx/Documents/Experiments/FlashMQ/CFGPass//complete.bc: _ZN17SubscriptionStore32registerClientAndKickExistingOneERSt10shared_ptrI6ClientE, bb %66, starting at instr 0}
  {/home/szx/Documents/Experiments/FlashMQ/CFGPass//complete.bc: _ZN17SubscriptionStore32registerClientAndKickExistingOneERSt10shared_ptrI6ClientE, bb %78, starting at instr 0}
  {/home/szx/Documents/Experiments/FlashMQ/CFGPass//complete.bc: _ZN17SubscriptionStore32registerClientAndKickExistingOneERSt10shared_ptrI6ClientE, bb %84, starting at instr 0}
  {/home/szx/Documents/Experiments/FlashMQ/CFGPass//complete.bc: _ZN17SubscriptionStore32registerClientAndKickExistingOneERSt10shared_ptrI6ClientE, bb %88, starting at instr 0}
  {/home/szx/Documents/Experiments/FlashMQ/CFGPass//complete.bc: _ZN17SubscriptionStore32registerClientAndKickExistingOneERSt10shared_ptrI6ClientE, bb %163, starting at instr 0}
  {/home/szx/Documents/Experiments/FlashMQ/CFGPass//complete.bc: _ZN17SubscriptionStore32registerClientAndKickExistingOneERSt10shared_ptrI6ClientE, bb %168, starting at terminator}
  {/home/szx/Documents/Experiments/FlashMQ/CFGPass//complete.bc: _ZN17SubscriptionStore32registerClientAndKickExistingOneERSt10shared_ptrI6ClientE, bb %169, starting at instr 0}
  {/home/szx/Documents/Experiments/FlashMQ/CFGPass//complete.bc: _ZN17SubscriptionStore32registerClientAndKickExistingOneERSt10shared_ptrI6ClientE, bb %172, starting at instr 0}
  {/home/szx/Documents/Experiments/FlashMQ/CFGPass//complete.bc: _ZN17SubscriptionStore32registerClientAndKickExistingOneERSt10shared_ptrI6ClientE, bb %177, starting at terminator}
  {/home/szx/Documents/Experiments/FlashMQ/CFGPass//complete.bc: _ZN17SubscriptionStore32registerClientAndKickExistingOneERSt10shared_ptrI6ClientE, bb %181, starting at instr 0}
  {/home/szx/Documents/Experiments/FlashMQ/CFGPass//complete.bc: _ZN17SubscriptionStore32registerClientAndKickExistingOneERSt10shared_ptrI6ClientE, bb %184, starting at instr 0}
  {/home/szx/Documents/Experiments/FlashMQ/CFGPass//complete.bc: _ZN17SubscriptionStore32registerClientAndKickExistingOneERSt10shared_ptrI6ClientE, bb %186, starting at terminator}
  {/home/szx/Documents/Experiments/FlashMQ/CFGPass//complete.bc: _ZN17SubscriptionStore32registerClientAndKickExistingOneERSt10shared_ptrI6ClientE, bb %187, starting at instr 0}
  {/home/szx/Documents/Experiments/FlashMQ/CFGPass//complete.bc: _ZN17SubscriptionStore32registerClientAndKickExistingOneERSt10shared_ptrI6ClientE, bb %193, starting at terminator}
  {/home/szx/Documents/Experiments/FlashMQ/CFGPass//complete.bc: _ZN17SubscriptionStore32registerClientAndKickExistingOneERSt10shared_ptrI6ClientE, bb %195, starting at instr 0}
  {/home/szx/Documents/Experiments/FlashMQ/CFGPass//complete.bc: _ZN17SubscriptionStore32registerClientAndKickExistingOneERSt10shared_ptrI6ClientE, bb %201, starting at instr 0}
  {/home/szx/Documents/Experiments/FlashMQ/CFGPass//complete.bc: _ZN17SubscriptionStore32registerClientAndKickExistingOneERSt10shared_ptrI6ClientE, bb %205, starting at instr 0}
  {/home/szx/Documents/Experiments/FlashMQ/CFGPass//complete.bc: _ZN17SubscriptionStore32registerClientAndKickExistingOneERSt10shared_ptrI6ClientE, bb %209, starting at instr 0}
  {/home/szx/Documents/Experiments/FlashMQ/CFGPass//complete.bc: _ZN7Session22sendPendingQosMessagesEv, bb %1, starting at instr 0}
  {/home/szx/Documents/Experiments/FlashMQ/CFGPass//complete.bc: _ZN7Session22sendPendingQosMessagesEv, bb %23, starting at instr 0}
  {/home/szx/Documents/Experiments/FlashMQ/CFGPass//complete.bc: _ZN7Session22sendPendingQosMessagesEv, bb %26, starting at instr 0}
  {/home/szx/Documents/Experiments/FlashMQ/CFGPass//complete.bc: _ZN7Session22sendPendingQosMessagesEv, bb %32, starting at instr 0}
  {/home/szx/Documents/Experiments/FlashMQ/CFGPass//complete.bc: _ZN7Session22sendPendingQosMessagesEv, bb %37, starting at instr 0}
  {/home/szx/Documents/Experiments/FlashMQ/CFGPass//complete.bc: _ZN7Session22sendPendingQosMessagesEv, bb %39, starting at instr 0}
  {/home/szx/Documents/Experiments/FlashMQ/CFGPass//complete.bc: _ZN7Session22sendPendingQosMessagesEv, bb %41, starting at instr 0}
  {/home/szx/Documents/Experiments/FlashMQ/CFGPass//complete.bc: _ZN7Session22sendPendingQosMessagesEv, bb %87, starting at instr 0}
  {/home/szx/Documents/Experiments/FlashMQ/CFGPass//complete.bc: _ZN7Session22sendPendingQosMessagesEv, bb %98, starting at instr 0}
  {/home/szx/Documents/Experiments/FlashMQ/CFGPass//complete.bc: _ZN7Session22sendPendingQosMessagesEv, bb %100, starting at instr 0}
  {/home/szx/Documents/Experiments/FlashMQ/CFGPass//complete.bc: _ZN7Session22sendPendingQosMessagesEv, bb %145, starting at instr 0}
  {/home/szx/Documents/Experiments/FlashMQ/CFGPass//complete.bc: _ZN7Session22sendPendingQosMessagesEv, bb %152, starting at instr 0}
  {/home/szx/Documents/Experiments/FlashMQ/CFGPass//complete.bc: _ZN17SubscriptionStore32registerClientAndKickExistingOneERSt10shared_ptrI6ClientE, bb %214, starting at instr 0}
  {/home/szx/Documents/Experiments/FlashMQ/CFGPass//complete.bc: _ZN17SubscriptionStore32registerClientAndKickExistingOneERSt10shared_ptrI6ClientE, bb %219, starting at instr 0}
  {/home/szx/Documents/Experiments/FlashMQ/CFGPass//complete.bc: _ZN17SubscriptionStore32registerClientAndKickExistingOneERSt10shared_ptrI6ClientE, bb %223, starting at instr 0}
  {/home/szx/Documents/Experiments/FlashMQ/CFGPass//complete.bc: _ZN10MqttPacket13handleConnectEv, bb %860, starting at instr 0}
  {/home/szx/Documents/Experiments/FlashMQ/CFGPass//complete.bc: _ZN10MqttPacket13handleConnectEv, bb %960, starting at instr 0}
  {/home/szx/Documents/Experiments/FlashMQ/CFGPass//complete.bc: _ZN10MqttPacket13handleConnectEv, bb %963, starting at instr 0}
  {/home/szx/Documents/Experiments/FlashMQ/CFGPass//complete.bc: _ZN10MqttPacket13handleConnectEv, bb %964, starting at instr 0}
  {/home/szx/Documents/Experiments/FlashMQ/CFGPass//complete.bc: _ZN10MqttPacket13handleConnectEv, bb %972, starting at instr 0}
  {/home/szx/Documents/Experiments/FlashMQ/CFGPass//complete.bc: _ZN10MqttPacket13handleConnectEv, bb %976, starting at terminator}
  {/home/szx/Documents/Experiments/FlashMQ/CFGPass//complete.bc: _ZN10MqttPacket13handleConnectEv, bb %1021, starting at instr 0}
  {/home/szx/Documents/Experiments/FlashMQ/CFGPass//complete.bc: _ZN10MqttPacket13handleConnectEv, bb %1022, starting at instr 0}
  {/home/szx/Documents/Experiments/FlashMQ/CFGPass//complete.bc: _ZN10MqttPacket13handleConnectEv, bb %1027, starting at terminator}

OK

