DEBUG: _ZN10MqttPacket13handlePublishEv:Number(1)
DEBUG: _ZN10MqttPacket13handlePublishEv:Number(64)
DEBUG: _ZN10MqttPacket13handlePublishEv:Number(109)
DEBUG: _ZN10MqttPacket13handlePublishEv:Number(139)
DEBUG: _ZN10MqttPacket13handlePublishEv:Number(147)
DEBUG: _ZN10MqttPacket13handlePublishEv:Number(177)
DEBUG: _ZN10MqttPacket13handlePublishEv:Number(184)
DEBUG: _ZN10MqttPacket13handlePublishEv:Number(188)
DEBUG: _ZN10MqttPacket13handlePublishEv:Number(224)
DEBUG: _ZN10MqttPacket13handlePublishEv:Number(246)
DEBUG: _ZN10MqttPacket13handlePublishEv:Number(255)
DEBUG: _ZN10MqttPacket13handlePublishEv:Number(260)
DEBUG: _ZN10MqttPacket13handlePublishEv:Number(266)
DEBUG: _ZN10MqttPacket13handlePublishEv:Number(268)
DEBUG: _ZN10MqttPacket13handlePublishEv:Number(306)
DEBUG: _ZN10MqttPacket13handlePublishEv:Number(417)
DEBUG: _ZN10MqttPacket13handlePublishEv:Number(420)
  /home/szx/Documents/SourceCode/FlashMQ-0.9.9/FlashMQ/mqttpacket.cpp, line 0, col 0
  /home/szx/Documents/SourceCode/FlashMQ-0.9.9/FlashMQ/mqttpacket.cpp, line 626, col 5
  /home/szx/Documents/SourceCode/FlashMQ-0.9.9/FlashMQ/mqttpacket.cpp, line 626, col 14
  /home/szx/Documents/SourceCode/FlashMQ-0.9.9/FlashMQ/mqttpacket.cpp, line 626, col 39
  /home/szx/Documents/SourceCode/FlashMQ-0.9.9/FlashMQ/mqttpacket.cpp, line 626, col 14
  /home/szx/Documents/SourceCode/FlashMQ-0.9.9/FlashMQ/mqttpacket.cpp, line 628, col 9
  /home/szx/Documents/SourceCode/FlashMQ-0.9.9/FlashMQ/mqttpacket.cpp, line 628, col 32
  /home/szx/Documents/SourceCode/FlashMQ-0.9.9/FlashMQ/mqttpacket.cpp, line 628, col 9
  /home/szx/Documents/SourceCode/FlashMQ-0.9.9/FlashMQ/mqttpacket.cpp, line 631, col 5
  /home/szx/Documents/SourceCode/FlashMQ-0.9.9/FlashMQ/mqttpacket.cpp, line 631, col 10
  /home/szx/Documents/SourceCode/FlashMQ-0.9.9/FlashMQ/mqttpacket.cpp, line 631, col 20
  /home/szx/Documents/SourceCode/FlashMQ-0.9.9/FlashMQ/mqttpacket.cpp, line 631, col 31
  /home/szx/Documents/SourceCode/FlashMQ-0.9.9/FlashMQ/mqttpacket.cpp, line 631, col 19
  /home/szx/Documents/SourceCode/FlashMQ-0.9.9/FlashMQ/mqttpacket.cpp, line 631, col 10
  /home/szx/Documents/SourceCode/FlashMQ-0.9.9/FlashMQ/mqttpacket.cpp, line 632, col 5
  /home/szx/Documents/SourceCode/FlashMQ-0.9.9/FlashMQ/mqttpacket.cpp, line 632, col 10
  /home/szx/Documents/SourceCode/FlashMQ-0.9.9/FlashMQ/mqttpacket.cpp, line 632, col 19
  /home/szx/Documents/SourceCode/FlashMQ-0.9.9/FlashMQ/mqttpacket.cpp, line 632, col 30
  /home/szx/Documents/SourceCode/FlashMQ-0.9.9/FlashMQ/mqttpacket.cpp, line 632, col 18
  /home/szx/Documents/SourceCode/FlashMQ-0.9.9/FlashMQ/mqttpacket.cpp, line 632, col 17
  /home/szx/Documents/SourceCode/FlashMQ-0.9.9/FlashMQ/mqttpacket.cpp, line 632, col 16
  /home/szx/Documents/SourceCode/FlashMQ-0.9.9/FlashMQ/mqttpacket.cpp, line 632, col 10
  /home/szx/Documents/SourceCode/FlashMQ-0.9.9/FlashMQ/mqttpacket.cpp, line 633, col 5
  /home/szx/Documents/SourceCode/FlashMQ-0.9.9/FlashMQ/mqttpacket.cpp, line 633, col 10
  /home/szx/Documents/SourceCode/FlashMQ-0.9.9/FlashMQ/mqttpacket.cpp, line 633, col 17
  /home/szx/Documents/SourceCode/FlashMQ-0.9.9/FlashMQ/mqttpacket.cpp, line 633, col 28
  /home/szx/Documents/SourceCode/FlashMQ-0.9.9/FlashMQ/mqttpacket.cpp, line 633, col 42
  /home/szx/Documents/SourceCode/FlashMQ-0.9.9/FlashMQ/mqttpacket.cpp, line 633, col 16
  /home/szx/Documents/SourceCode/FlashMQ-0.9.9/FlashMQ/mqttpacket.cpp, line 633, col 10
  /home/szx/Documents/SourceCode/FlashMQ-0.9.9/FlashMQ/mqttpacket.cpp, line 634, col 9
  /home/szx/Documents/SourceCode/FlashMQ-0.9.9/FlashMQ/mqttpacket.cpp, line 635, col 12
  /home/szx/Documents/SourceCode/FlashMQ-0.9.9/FlashMQ/mqttpacket.cpp, line 637, col 9
  /home/szx/Documents/SourceCode/FlashMQ-0.9.9/FlashMQ/mqttpacket.cpp, line 637, col 13
  /home/szx/Documents/SourceCode/FlashMQ-0.9.9/FlashMQ/mqttpacket.cpp, line 637, col 9
  /home/szx/Documents/SourceCode/FlashMQ-0.9.9/FlashMQ/mqttpacket.cpp, line 639, col 17
  /home/szx/Documents/SourceCode/FlashMQ-0.9.9/FlashMQ/mqttpacket.cpp, line 639, col 11
  /home/szx/Documents/SourceCode/FlashMQ-0.9.9/FlashMQ/mqttpacket.cpp, line 639, col 15
  /home/szx/Documents/SourceCode/FlashMQ-0.9.9/FlashMQ/mqttpacket.cpp, line 641, col 9
  /home/szx/Documents/SourceCode/FlashMQ-0.9.9/FlashMQ/mqttpacket.cpp, line 641, col 13
  /home/szx/Documents/SourceCode/FlashMQ-0.9.9/FlashMQ/mqttpacket.cpp, line 641, col 18
  /home/szx/Documents/SourceCode/FlashMQ-0.9.9/FlashMQ/mqttpacket.cpp, line 644, col 13
  /home/szx/Documents/SourceCode/FlashMQ-0.9.9/FlashMQ/mqttpacket.cpp, line 644, col 35
  /home/szx/Documents/SourceCode/FlashMQ-0.9.9/FlashMQ/mqttpacket.cpp, line 644, col 25
  /home/szx/Documents/SourceCode/FlashMQ-0.9.9/FlashMQ/mqttpacket.cpp, line 644, col 60
  /home/szx/Documents/SourceCode/FlashMQ-0.9.9/FlashMQ/mqttpacket.cpp, line 644, col 13
  /home/szx/Documents/SourceCode/FlashMQ-0.9.9/FlashMQ/mqttpacket.cpp, line 644, col 5
  /home/szx/Documents/SourceCode/FlashMQ-0.9.9/FlashMQ/mqttpacket.cpp, line 644, col 11
  /home/szx/Documents/SourceCode/FlashMQ-0.9.9/FlashMQ/mqttpacket.cpp, line 644, col 5
  /home/szx/Documents/SourceCode/FlashMQ-0.9.9/FlashMQ/mqttpacket.cpp, line 645, col 16
  /home/szx/Documents/SourceCode/FlashMQ-0.9.9/FlashMQ/mqttpacket.cpp, line 645, col 23
  /home/szx/Documents/SourceCode/FlashMQ-0.9.9/FlashMQ/mqttpacket.cpp, line 645, col 5
  /home/szx/Documents/SourceCode/FlashMQ-0.9.9/FlashMQ/mqttpacket.cpp, line 647, col 22
  /home/szx/Documents/SourceCode/FlashMQ-0.9.9/FlashMQ/mqttpacket.cpp, line 647, col 10
  /home/szx/Documents/SourceCode/FlashMQ-0.9.9/FlashMQ/mqttpacket.cpp, line 647, col 9
  /home/szx/Documents/SourceCode/FlashMQ-0.9.9/FlashMQ/mqttpacket.cpp, line 657, col 5
  /home/szx/Documents/SourceCode/FlashMQ-0.9.9/FlashMQ/mqttpacket.cpp, line 657, col 13
  /home/szx/Documents/SourceCode/FlashMQ-0.9.9/FlashMQ/mqttpacket.cpp, line 657, col 5
  /home/szx/Documents/SourceCode/FlashMQ-0.9.9/FlashMQ/mqttpacket.cpp, line 657, col 30
  /home/szx/Documents/SourceCode/FlashMQ-0.9.9/FlashMQ/mqttpacket.cpp, line 657, col 5
  /home/szx/Documents/SourceCode/FlashMQ-0.9.9/FlashMQ/mqttpacket.cpp, line 659, col 9
  /home/szx/Documents/SourceCode/FlashMQ-0.9.9/FlashMQ/mqttpacket.cpp, line 661, col 25
  /home/szx/Documents/SourceCode/FlashMQ-0.9.9/FlashMQ/mqttpacket.cpp, line 661, col 9
  /home/szx/Documents/SourceCode/FlashMQ-0.9.9/FlashMQ/mqttpacket.cpp, line 661, col 23
  /home/szx/Documents/SourceCode/FlashMQ-0.9.9/FlashMQ/mqttpacket.cpp, line 662, col 21
  /home/szx/Documents/SourceCode/FlashMQ-0.9.9/FlashMQ/mqttpacket.cpp, line 662, col 9
  /home/szx/Documents/SourceCode/FlashMQ-0.9.9/FlashMQ/mqttpacket.cpp, line 662, col 19
  /home/szx/Documents/SourceCode/FlashMQ-0.9.9/FlashMQ/mqttpacket.cpp, line 664, col 13
  /home/szx/Documents/SourceCode/FlashMQ-0.9.9/FlashMQ/mqttpacket.cpp, line 664, col 23
  /home/szx/Documents/SourceCode/FlashMQ-0.9.9/FlashMQ/mqttpacket.cpp, line 664, col 13
  /home/szx/Documents/SourceCode/FlashMQ-0.9.9/FlashMQ/mqttpacket.cpp, line 669, col 13
  /home/szx/Documents/SourceCode/FlashMQ-0.9.9/FlashMQ/mqttpacket.cpp, line 669, col 17
  /home/szx/Documents/SourceCode/FlashMQ-0.9.9/FlashMQ/mqttpacket.cpp, line 669, col 13
  /home/szx/Documents/SourceCode/FlashMQ-0.9.9/FlashMQ/mqttpacket.cpp, line 677, col 13
  /home/szx/Documents/SourceCode/FlashMQ-0.9.9/FlashMQ/mqttpacket.cpp, line 677, col 20
  /home/szx/Documents/SourceCode/FlashMQ-0.9.9/FlashMQ/mqttpacket.cpp, line 677, col 27
  /home/szx/Documents/SourceCode/FlashMQ-0.9.9/FlashMQ/mqttpacket.cpp, line 677, col 20
  /home/szx/Documents/SourceCode/FlashMQ-0.9.9/FlashMQ/mqttpacket.cpp, line 678, col 13
  /home/szx/Documents/SourceCode/FlashMQ-0.9.9/FlashMQ/mqttpacket.cpp, line 678, col 24
  /home/szx/Documents/SourceCode/FlashMQ-0.9.9/FlashMQ/mqttpacket.cpp, line 679, col 13
  /home/szx/Documents/SourceCode/FlashMQ-0.9.9/FlashMQ/mqttpacket.cpp, line 679, col 21
  /home/szx/Documents/SourceCode/FlashMQ-0.9.9/FlashMQ/mqttpacket.cpp, line 681, col 17
  /home/szx/Documents/SourceCode/FlashMQ-0.9.9/FlashMQ/mqttpacket.cpp, line 681, col 25
  /home/szx/Documents/SourceCode/FlashMQ-0.9.9/FlashMQ/mqttpacket.cpp, line 681, col 17
  /home/szx/Documents/SourceCode/FlashMQ-0.9.9/FlashMQ/mqttpacket.cpp, line 681, col 70
  /home/szx/Documents/SourceCode/FlashMQ-0.9.9/FlashMQ/mqttpacket.cpp, line 681, col 39
  /home/szx/Documents/SourceCode/FlashMQ-0.9.9/FlashMQ/mqttpacket.cpp, line 681, col 17
  /home/szx/Documents/SourceCode/FlashMQ-0.9.9/FlashMQ/mqttpacket.cpp, line 683, col 17
  /home/szx/Documents/SourceCode/FlashMQ-0.9.9/FlashMQ/mqttpacket.cpp, line 690, col 9
  /home/szx/Documents/SourceCode/FlashMQ-0.9.9/FlashMQ/mqttpacket.cpp, line 713, col 1
  /home/szx/Documents/SourceCode/FlashMQ-0.9.9/FlashMQ/mqttpacket.cpp, line 713, col 1

  {/home/szx/Documents/Experiments/FlashMQ/CFGPass//complete.bc: _ZN10MqttPacket13handlePublishEv, bb %1, starting at instr 0}
  {/home/szx/Documents/Experiments/FlashMQ/CFGPass//complete.bc: _ZN10MqttPacket13handlePublishEv, bb %64, starting at instr 0}
  {/home/szx/Documents/Experiments/FlashMQ/CFGPass//complete.bc: _ZN10MqttPacket13handlePublishEv, bb %109, starting at instr 0}
  {/home/szx/Documents/Experiments/FlashMQ/CFGPass//complete.bc: _ZN10MqttPacket13handlePublishEv, bb %139, starting at instr 0}
  {/home/szx/Documents/Experiments/FlashMQ/CFGPass//complete.bc: _ZN10MqttPacket13handlePublishEv, bb %147, starting at instr 0}
  {/home/szx/Documents/Experiments/FlashMQ/CFGPass//complete.bc: _ZN10MqttPacket13handlePublishEv, bb %177, starting at instr 0}
  {/home/szx/Documents/Experiments/FlashMQ/CFGPass//complete.bc: _ZN10MqttPacket13handlePublishEv, bb %184, starting at instr 0}
  {/home/szx/Documents/Experiments/FlashMQ/CFGPass//complete.bc: _ZN10MqttPacket13handlePublishEv, bb %188, starting at instr 0}
  {/home/szx/Documents/Experiments/FlashMQ/CFGPass//complete.bc: _ZN10MqttPacket13handlePublishEv, bb %224, starting at instr 0}
  {/home/szx/Documents/Experiments/FlashMQ/CFGPass//complete.bc: _ZN10MqttPacket13handlePublishEv, bb %246, starting at instr 0}
  {/home/szx/Documents/Experiments/FlashMQ/CFGPass//complete.bc: _ZN10MqttPacket13handlePublishEv, bb %255, starting at instr 0}
  {/home/szx/Documents/Experiments/FlashMQ/CFGPass//complete.bc: _ZN10MqttPacket13handlePublishEv, bb %260, starting at instr 0}
  {/home/szx/Documents/Experiments/FlashMQ/CFGPass//complete.bc: _ZN10MqttPacket13handlePublishEv, bb %266, starting at instr 0}
  {/home/szx/Documents/Experiments/FlashMQ/CFGPass//complete.bc: _ZN10MqttPacket13handlePublishEv, bb %268, starting at instr 0}
  {/home/szx/Documents/Experiments/FlashMQ/CFGPass//complete.bc: _ZN10MqttPacket13handlePublishEv, bb %306, starting at instr 0}
  {/home/szx/Documents/Experiments/FlashMQ/CFGPass//complete.bc: _ZN10MqttPacket13handlePublishEv, bb %417, starting at instr 0}
  {/home/szx/Documents/Experiments/FlashMQ/CFGPass//complete.bc: _ZN10MqttPacket13handlePublishEv, bb %420, starting at terminator}

OK

